{"contracts/Diamond.sol":{"l":{"21":88,"23":88,"24":88,"34":88,"37":88,"39":88,"40":88,"41":88,"48":88,"49":88,"50":88,"51":88,"52":88,"53":88,"60":88,"61":88,"63":88,"69":705,"70":705,"71":705,"74":705,"75":705,"78":705},"path":"/home/bgrusnak/Projects/CXB/cxbt-new/contracts/Diamond.sol","s":{"1":88,"2":88,"3":88,"4":88,"5":88,"6":88,"7":88,"8":88,"9":705,"10":705,"11":705,"12":705},"b":{"1":[705,0]},"f":{"1":88,"2":88,"3":705},"fnMap":{"1":{"name":"init","line":19,"loc":{"start":{"line":19,"column":4},"end":{"line":25,"column":4}}},"2":{"name":"constructor","line":33,"loc":{"start":{"line":33,"column":4},"end":{"line":64,"column":4}}},"3":{"name":null,"line":68,"loc":{"start":{"line":68,"column":4},"end":{"line":94,"column":4}}}},"statementMap":{"1":{"start":{"line":21,"column":8},"end":{"line":21,"column":74}},"2":{"start":{"line":34,"column":8},"end":{"line":34,"column":50}},"3":{"start":{"line":37,"column":8},"end":{"line":37,"column":80}},"4":{"start":{"line":39,"column":8},"end":{"line":39,"column":61}},"5":{"start":{"line":48,"column":8},"end":{"line":48,"column":63}},"6":{"start":{"line":60,"column":8},"end":{"line":60,"column":51}},"7":{"start":{"line":61,"column":8},"end":{"line":61,"column":85}},"8":{"start":{"line":63,"column":8},"end":{"line":63,"column":76}},"9":{"start":{"line":69,"column":8},"end":{"line":69,"column":44}},"10":{"start":{"line":70,"column":8},"end":{"line":70,"column":62}},"11":{"start":{"line":74,"column":8},"end":{"line":74,"column":75}},"12":{"start":{"line":75,"column":8},"end":{"line":75,"column":71}}},"branchMap":{"1":{"line":75,"type":"if","locations":[{"start":{"line":75,"column":8},"end":{"line":75,"column":8}},{"start":{"line":75,"column":8},"end":{"line":75,"column":8}}]}}},"contracts/facets/CXBTFacet.sol":{"l":{"40":88,"41":88,"68":282,"69":282,"79":3,"80":3,"84":0,"85":0,"89":165,"90":159,"99":88,"100":88,"101":88,"102":88,"104":88,"105":88,"106":88,"109":88,"111":88,"126":15,"127":15,"128":15,"129":15,"138":65,"148":28,"150":27,"151":27,"154":27,"155":27,"156":27,"157":27,"160":26,"163":26,"166":26,"167":26,"171":26,"174":26,"175":1,"176":1,"177":1,"180":26,"190":8,"192":7,"193":7,"196":7,"199":7,"200":7,"203":7,"205":7,"215":3,"217":3,"218":3,"220":3,"223":2,"226":2,"227":2,"229":2,"238":5,"240":3,"241":3,"242":3,"244":3,"253":4,"254":4,"262":1,"263":1,"271":19,"279":2,"287":2,"295":3,"303":3,"305":2,"308":2,"311":2,"312":2,"313":2,"315":0,"316":0,"322":2,"325":2,"327":2,"328":2,"337":34,"340":34,"344":34,"346":34,"356":34,"357":34,"358":34,"369":7,"370":7,"371":7,"372":7,"373":7,"381":2,"382":2,"383":2,"384":2,"393":5,"394":5,"395":5,"396":5,"397":5,"405":2,"406":2,"407":2,"408":2,"417":22,"426":12},"path":"/home/bgrusnak/Projects/CXB/cxbt-new/contracts/facets/CXBTFacet.sol","s":{"1":88,"2":282,"3":3,"4":0,"5":165,"6":88,"7":88,"8":88,"9":88,"10":88,"11":15,"12":28,"13":27,"14":27,"15":27,"16":27,"17":27,"18":27,"19":26,"20":26,"21":26,"22":26,"23":26,"24":26,"25":8,"26":7,"27":7,"28":7,"29":7,"30":3,"31":3,"32":3,"33":3,"34":2,"35":5,"36":3,"37":3,"38":3,"39":4,"40":1,"41":19,"42":2,"43":2,"44":3,"45":3,"46":2,"47":2,"48":2,"49":2,"50":0,"51":2,"52":2,"53":34,"54":34,"55":34,"56":34,"57":34,"58":7,"59":7,"60":7,"61":7,"62":2,"63":2,"64":2,"65":5,"66":5,"67":5,"68":5,"69":2,"70":2,"71":2,"72":22,"73":12},"b":{"1":[3,0],"2":[0,0],"3":[88,0],"4":[88,0],"5":[88,0],"6":[88,0],"7":[28,0],"8":[27,1],"9":[26,1],"10":[26,0],"11":[1,25],"12":[8,1],"13":[8,0],"14":[7,1],"15":[7,0],"16":[3,0],"17":[3,0],"18":[3,0],"19":[2,1],"20":[5,1],"21":[3,2],"22":[4,1],"23":[4,0],"24":[1,0],"25":[1,0],"26":[3,0],"27":[2,1],"28":[2,0],"29":[2,0],"30":[34,1],"31":[34,0],"32":[7,1],"33":[7,0],"34":[7,0],"35":[2,0],"36":[2,0],"37":[5,1],"38":[5,0],"39":[5,0],"40":[2,0],"41":[2,0]},"f":{"1":88,"2":282,"3":3,"4":0,"5":165,"6":88,"7":15,"8":65,"9":28,"10":8,"11":3,"12":5,"13":4,"14":1,"15":19,"16":2,"17":2,"18":3,"19":3,"20":34,"21":34,"22":7,"23":2,"24":5,"25":2,"26":22,"27":12},"fnMap":{"1":{"name":"erc20Ds","line":39,"loc":{"start":{"line":39,"column":4},"end":{"line":44,"column":4}}},"2":{"name":"ds","line":67,"loc":{"start":{"line":67,"column":4},"end":{"line":72,"column":4}}},"3":{"name":"whenNotPaused","line":78,"loc":{"start":{"line":78,"column":4},"end":{"line":81,"column":4}}},"4":{"name":"whenPaused","line":83,"loc":{"start":{"line":83,"column":4},"end":{"line":86,"column":4}}},"5":{"name":"onlyOwner","line":88,"loc":{"start":{"line":88,"column":4},"end":{"line":91,"column":4}}},"6":{"name":"initCXBT","line":98,"loc":{"start":{"line":98,"column":4},"end":{"line":112,"column":4}}},"7":{"name":"getTokenBalances","line":121,"loc":{"start":{"line":121,"column":4},"end":{"line":130,"column":4}}},"8":{"name":"calculateUnlockCost","line":137,"loc":{"start":{"line":137,"column":4},"end":{"line":139,"column":4}}},"9":{"name":"unlockTokens","line":147,"loc":{"start":{"line":147,"column":4},"end":{"line":181,"column":4}}},"10":{"name":"addToRewardPool","line":189,"loc":{"start":{"line":189,"column":4},"end":{"line":206,"column":4}}},"11":{"name":"withdrawFromRewardPool","line":214,"loc":{"start":{"line":214,"column":4},"end":{"line":230,"column":4}}},"12":{"name":"setUnlockPercentage","line":237,"loc":{"start":{"line":237,"column":4},"end":{"line":245,"column":4}}},"13":{"name":"pause","line":252,"loc":{"start":{"line":252,"column":4},"end":{"line":255,"column":4}}},"14":{"name":"unpause","line":261,"loc":{"start":{"line":261,"column":4},"end":{"line":264,"column":4}}},"15":{"name":"paused","line":270,"loc":{"start":{"line":270,"column":4},"end":{"line":272,"column":4}}},"16":{"name":"getPaidToken","line":278,"loc":{"start":{"line":278,"column":4},"end":{"line":280,"column":4}}},"17":{"name":"getUnlockPercentage","line":286,"loc":{"start":{"line":286,"column":4},"end":{"line":288,"column":4}}},"18":{"name":"getRewardPoolBalance","line":294,"loc":{"start":{"line":294,"column":4},"end":{"line":296,"column":4}}},"19":{"name":"burn","line":302,"loc":{"start":{"line":302,"column":4},"end":{"line":329,"column":4}}},"20":{"name":"_mintWithoutPause","line":336,"loc":{"start":{"line":336,"column":4},"end":{"line":347,"column":4}}},"21":{"name":"mint","line":355,"loc":{"start":{"line":355,"column":4},"end":{"line":359,"column":4}}},"22":{"name":"addToWhitelist","line":368,"loc":{"start":{"line":368,"column":4},"end":{"line":374,"column":4}}},"23":{"name":"removeFromWhitelist","line":380,"loc":{"start":{"line":380,"column":4},"end":{"line":385,"column":4}}},"24":{"name":"addToBlacklist","line":392,"loc":{"start":{"line":392,"column":4},"end":{"line":398,"column":4}}},"25":{"name":"removeFromBlacklist","line":404,"loc":{"start":{"line":404,"column":4},"end":{"line":409,"column":4}}},"26":{"name":"isWhitelisted","line":416,"loc":{"start":{"line":416,"column":4},"end":{"line":418,"column":4}}},"27":{"name":"isBlacklisted","line":425,"loc":{"start":{"line":425,"column":4},"end":{"line":427,"column":4}}}},"statementMap":{"1":{"start":{"line":40,"column":8},"end":{"line":40,"column":49}},"2":{"start":{"line":68,"column":8},"end":{"line":68,"column":48}},"3":{"start":{"line":79,"column":8},"end":{"line":79,"column":48}},"4":{"start":{"line":84,"column":8},"end":{"line":84,"column":51}},"5":{"start":{"line":89,"column":8},"end":{"line":89,"column":42}},"6":{"start":{"line":99,"column":8},"end":{"line":99,"column":36}},"7":{"start":{"line":100,"column":8},"end":{"line":100,"column":73}},"8":{"start":{"line":101,"column":8},"end":{"line":101,"column":70}},"9":{"start":{"line":102,"column":8},"end":{"line":102,"column":95}},"10":{"start":{"line":111,"column":8},"end":{"line":111,"column":59}},"11":{"start":{"line":126,"column":8},"end":{"line":126,"column":42}},"12":{"start":{"line":148,"column":8},"end":{"line":148,"column":72}},"13":{"start":{"line":150,"column":8},"end":{"line":150,"column":40}},"14":{"start":{"line":151,"column":8},"end":{"line":151,"column":47}},"15":{"start":{"line":154,"column":8},"end":{"line":154,"column":59}},"16":{"start":{"line":155,"column":8},"end":{"line":155,"column":69}},"17":{"start":{"line":156,"column":8},"end":{"line":156,"column":62}},"18":{"start":{"line":157,"column":8},"end":{"line":157,"column":75}},"19":{"start":{"line":160,"column":8},"end":{"line":160,"column":56}},"20":{"start":{"line":163,"column":8},"end":{"line":163,"column":72}},"21":{"start":{"line":166,"column":8},"end":{"line":166,"column":5889}},"22":{"start":{"line":167,"column":12},"end":{"line":167,"column":73}},"23":{"start":{"line":174,"column":8},"end":{"line":174,"column":6228}},"24":{"start":{"line":180,"column":8},"end":{"line":180,"column":59}},"25":{"start":{"line":190,"column":8},"end":{"line":190,"column":59}},"26":{"start":{"line":192,"column":8},"end":{"line":192,"column":47}},"27":{"start":{"line":193,"column":8},"end":{"line":193,"column":40}},"28":{"start":{"line":196,"column":8},"end":{"line":196,"column":93}},"29":{"start":{"line":205,"column":8},"end":{"line":205,"column":36}},"30":{"start":{"line":215,"column":8},"end":{"line":215,"column":59}},"31":{"start":{"line":217,"column":8},"end":{"line":217,"column":47}},"32":{"start":{"line":218,"column":8},"end":{"line":218,"column":40}},"33":{"start":{"line":220,"column":8},"end":{"line":220,"column":85}},"34":{"start":{"line":229,"column":8},"end":{"line":229,"column":40}},"35":{"start":{"line":238,"column":8},"end":{"line":238,"column":87}},"36":{"start":{"line":240,"column":8},"end":{"line":240,"column":36}},"37":{"start":{"line":241,"column":8},"end":{"line":241,"column":50}},"38":{"start":{"line":244,"column":8},"end":{"line":244,"column":66}},"39":{"start":{"line":253,"column":8},"end":{"line":253,"column":48}},"40":{"start":{"line":262,"column":8},"end":{"line":262,"column":51}},"41":{"start":{"line":271,"column":8},"end":{"line":271,"column":26}},"42":{"start":{"line":279,"column":8},"end":{"line":279,"column":38}},"43":{"start":{"line":287,"column":8},"end":{"line":287,"column":36}},"44":{"start":{"line":295,"column":8},"end":{"line":295,"column":37}},"45":{"start":{"line":303,"column":8},"end":{"line":303,"column":59}},"46":{"start":{"line":305,"column":8},"end":{"line":305,"column":42}},"47":{"start":{"line":308,"column":8},"end":{"line":308,"column":87}},"48":{"start":{"line":311,"column":8},"end":{"line":311,"column":64}},"49":{"start":{"line":312,"column":8},"end":{"line":312,"column":11265}},"50":{"start":{"line":315,"column":12},"end":{"line":315,"column":56}},"51":{"start":{"line":327,"column":8},"end":{"line":327,"column":53}},"52":{"start":{"line":328,"column":8},"end":{"line":328,"column":45}},"53":{"start":{"line":337,"column":8},"end":{"line":337,"column":42}},"54":{"start":{"line":346,"column":8},"end":{"line":346,"column":45}},"55":{"start":{"line":356,"column":8},"end":{"line":356,"column":63}},"56":{"start":{"line":357,"column":8},"end":{"line":357,"column":36}},"57":{"start":{"line":358,"column":8},"end":{"line":358,"column":37}},"58":{"start":{"line":369,"column":8},"end":{"line":369,"column":56}},"59":{"start":{"line":370,"column":8},"end":{"line":370,"column":36}},"60":{"start":{"line":371,"column":8},"end":{"line":371,"column":60}},"61":{"start":{"line":373,"column":8},"end":{"line":373,"column":38}},"62":{"start":{"line":381,"column":8},"end":{"line":381,"column":36}},"63":{"start":{"line":382,"column":8},"end":{"line":382,"column":55}},"64":{"start":{"line":384,"column":8},"end":{"line":384,"column":42}},"65":{"start":{"line":393,"column":8},"end":{"line":393,"column":56}},"66":{"start":{"line":394,"column":8},"end":{"line":394,"column":36}},"67":{"start":{"line":395,"column":8},"end":{"line":395,"column":60}},"68":{"start":{"line":397,"column":8},"end":{"line":397,"column":38}},"69":{"start":{"line":405,"column":8},"end":{"line":405,"column":36}},"70":{"start":{"line":406,"column":8},"end":{"line":406,"column":55}},"71":{"start":{"line":408,"column":8},"end":{"line":408,"column":42}},"72":{"start":{"line":417,"column":8},"end":{"line":417,"column":38}},"73":{"start":{"line":426,"column":8},"end":{"line":426,"column":38}}},"branchMap":{"1":{"line":79,"type":"if","locations":[{"start":{"line":79,"column":8},"end":{"line":79,"column":8}},{"start":{"line":79,"column":8},"end":{"line":79,"column":8}}]},"2":{"line":84,"type":"if","locations":[{"start":{"line":84,"column":8},"end":{"line":84,"column":8}},{"start":{"line":84,"column":8},"end":{"line":84,"column":8}}]},"3":{"line":98,"type":"if","locations":[{"start":{"line":98,"column":78},"end":{"line":98,"column":78}},{"start":{"line":98,"column":78},"end":{"line":98,"column":78}}]},"4":{"line":100,"type":"if","locations":[{"start":{"line":100,"column":8},"end":{"line":100,"column":8}},{"start":{"line":100,"column":8},"end":{"line":100,"column":8}}]},"5":{"line":101,"type":"if","locations":[{"start":{"line":101,"column":8},"end":{"line":101,"column":8}},{"start":{"line":101,"column":8},"end":{"line":101,"column":8}}]},"6":{"line":102,"type":"if","locations":[{"start":{"line":102,"column":8},"end":{"line":102,"column":8}},{"start":{"line":102,"column":8},"end":{"line":102,"column":8}}]},"7":{"line":147,"type":"if","locations":[{"start":{"line":147,"column":66},"end":{"line":147,"column":66}},{"start":{"line":147,"column":66},"end":{"line":147,"column":66}}]},"8":{"line":148,"type":"if","locations":[{"start":{"line":148,"column":8},"end":{"line":148,"column":8}},{"start":{"line":148,"column":8},"end":{"line":148,"column":8}}]},"9":{"line":157,"type":"if","locations":[{"start":{"line":157,"column":8},"end":{"line":157,"column":8}},{"start":{"line":157,"column":8},"end":{"line":157,"column":8}}]},"10":{"line":166,"type":"if","locations":[{"start":{"line":166,"column":8},"end":{"line":166,"column":8}},{"start":{"line":166,"column":8},"end":{"line":166,"column":8}}]},"11":{"line":174,"type":"if","locations":[{"start":{"line":174,"column":8},"end":{"line":174,"column":8}},{"start":{"line":174,"column":8},"end":{"line":174,"column":8}}]},"12":{"line":189,"type":"if","locations":[{"start":{"line":189,"column":63},"end":{"line":189,"column":63}},{"start":{"line":189,"column":63},"end":{"line":189,"column":63}}]},"13":{"line":189,"type":"if","locations":[{"start":{"line":189,"column":73},"end":{"line":189,"column":73}},{"start":{"line":189,"column":73},"end":{"line":189,"column":73}}]},"14":{"line":190,"type":"if","locations":[{"start":{"line":190,"column":8},"end":{"line":190,"column":8}},{"start":{"line":190,"column":8},"end":{"line":190,"column":8}}]},"15":{"line":196,"type":"if","locations":[{"start":{"line":196,"column":8},"end":{"line":196,"column":8}},{"start":{"line":196,"column":8},"end":{"line":196,"column":8}}]},"16":{"line":214,"type":"if","locations":[{"start":{"line":214,"column":70},"end":{"line":214,"column":70}},{"start":{"line":214,"column":70},"end":{"line":214,"column":70}}]},"17":{"line":214,"type":"if","locations":[{"start":{"line":214,"column":80},"end":{"line":214,"column":80}},{"start":{"line":214,"column":80},"end":{"line":214,"column":80}}]},"18":{"line":215,"type":"if","locations":[{"start":{"line":215,"column":8},"end":{"line":215,"column":8}},{"start":{"line":215,"column":8},"end":{"line":215,"column":8}}]},"19":{"line":220,"type":"if","locations":[{"start":{"line":220,"column":8},"end":{"line":220,"column":8}},{"start":{"line":220,"column":8},"end":{"line":220,"column":8}}]},"20":{"line":237,"type":"if","locations":[{"start":{"line":237,"column":74},"end":{"line":237,"column":74}},{"start":{"line":237,"column":74},"end":{"line":237,"column":74}}]},"21":{"line":238,"type":"if","locations":[{"start":{"line":238,"column":8},"end":{"line":238,"column":8}},{"start":{"line":238,"column":8},"end":{"line":238,"column":8}}]},"22":{"line":252,"type":"if","locations":[{"start":{"line":252,"column":39},"end":{"line":252,"column":39}},{"start":{"line":252,"column":39},"end":{"line":252,"column":39}}]},"23":{"line":253,"type":"if","locations":[{"start":{"line":253,"column":8},"end":{"line":253,"column":8}},{"start":{"line":253,"column":8},"end":{"line":253,"column":8}}]},"24":{"line":261,"type":"if","locations":[{"start":{"line":261,"column":41},"end":{"line":261,"column":41}},{"start":{"line":261,"column":41},"end":{"line":261,"column":41}}]},"25":{"line":262,"type":"if","locations":[{"start":{"line":262,"column":8},"end":{"line":262,"column":8}},{"start":{"line":262,"column":8},"end":{"line":262,"column":8}}]},"26":{"line":302,"type":"if","locations":[{"start":{"line":302,"column":52},"end":{"line":302,"column":52}},{"start":{"line":302,"column":52},"end":{"line":302,"column":52}}]},"27":{"line":303,"type":"if","locations":[{"start":{"line":303,"column":8},"end":{"line":303,"column":8}},{"start":{"line":303,"column":8},"end":{"line":303,"column":8}}]},"28":{"line":308,"type":"if","locations":[{"start":{"line":308,"column":8},"end":{"line":308,"column":8}},{"start":{"line":308,"column":8},"end":{"line":308,"column":8}}]},"29":{"line":312,"type":"if","locations":[{"start":{"line":312,"column":8},"end":{"line":312,"column":8}},{"start":{"line":312,"column":8},"end":{"line":312,"column":8}}]},"30":{"line":355,"type":"if","locations":[{"start":{"line":355,"column":64},"end":{"line":355,"column":64}},{"start":{"line":355,"column":64},"end":{"line":355,"column":64}}]},"31":{"line":356,"type":"if","locations":[{"start":{"line":356,"column":8},"end":{"line":356,"column":8}},{"start":{"line":356,"column":8},"end":{"line":356,"column":8}}]},"32":{"line":368,"type":"if","locations":[{"start":{"line":368,"column":54},"end":{"line":368,"column":54}},{"start":{"line":368,"column":54},"end":{"line":368,"column":54}}]},"33":{"line":369,"type":"if","locations":[{"start":{"line":369,"column":8},"end":{"line":369,"column":8}},{"start":{"line":369,"column":8},"end":{"line":369,"column":8}}]},"34":{"line":371,"type":"if","locations":[{"start":{"line":371,"column":8},"end":{"line":371,"column":8}},{"start":{"line":371,"column":8},"end":{"line":371,"column":8}}]},"35":{"line":380,"type":"if","locations":[{"start":{"line":380,"column":59},"end":{"line":380,"column":59}},{"start":{"line":380,"column":59},"end":{"line":380,"column":59}}]},"36":{"line":382,"type":"if","locations":[{"start":{"line":382,"column":8},"end":{"line":382,"column":8}},{"start":{"line":382,"column":8},"end":{"line":382,"column":8}}]},"37":{"line":392,"type":"if","locations":[{"start":{"line":392,"column":54},"end":{"line":392,"column":54}},{"start":{"line":392,"column":54},"end":{"line":392,"column":54}}]},"38":{"line":393,"type":"if","locations":[{"start":{"line":393,"column":8},"end":{"line":393,"column":8}},{"start":{"line":393,"column":8},"end":{"line":393,"column":8}}]},"39":{"line":395,"type":"if","locations":[{"start":{"line":395,"column":8},"end":{"line":395,"column":8}},{"start":{"line":395,"column":8},"end":{"line":395,"column":8}}]},"40":{"line":404,"type":"if","locations":[{"start":{"line":404,"column":59},"end":{"line":404,"column":59}},{"start":{"line":404,"column":59},"end":{"line":404,"column":59}}]},"41":{"line":406,"type":"if","locations":[{"start":{"line":406,"column":8},"end":{"line":406,"column":8}},{"start":{"line":406,"column":8},"end":{"line":406,"column":8}}]}}},"contracts/facets/DiamondCutFacet.sol":{"l":{"24":265,"25":264},"path":"/home/bgrusnak/Projects/CXB/cxbt-new/contracts/facets/DiamondCutFacet.sol","s":{"1":265,"2":264},"b":{},"f":{"1":265},"fnMap":{"1":{"name":"diamondCut","line":19,"loc":{"start":{"line":19,"column":4},"end":{"line":26,"column":4}}}},"statementMap":{"1":{"start":{"line":24,"column":8},"end":{"line":24,"column":42}},"2":{"start":{"line":25,"column":8},"end":{"line":25,"column":59}}},"branchMap":{}},"contracts/facets/DiamondLoupeFacet.sol":{"l":{"21":1,"22":1,"23":1,"24":1,"25":5,"26":5,"27":5,"35":1,"36":1,"42":2,"43":2,"51":2,"52":2},"path":"/home/bgrusnak/Projects/CXB/cxbt-new/contracts/facets/DiamondLoupeFacet.sol","s":{"1":1,"2":1,"3":1,"4":5,"5":1,"6":2,"7":2},"b":{},"f":{"1":1,"2":1,"3":2,"4":2},"fnMap":{"1":{"name":"facets","line":20,"loc":{"start":{"line":20,"column":4},"end":{"line":29,"column":4}}},"2":{"name":"facetFunctionSelectors","line":34,"loc":{"start":{"line":34,"column":4},"end":{"line":37,"column":4}}},"3":{"name":"facetAddresses","line":41,"loc":{"start":{"line":41,"column":4},"end":{"line":44,"column":4}}},"4":{"name":"facetAddress","line":50,"loc":{"start":{"line":50,"column":4},"end":{"line":53,"column":4}}}},"statementMap":{"1":{"start":{"line":21,"column":8},"end":{"line":21,"column":74}},"2":{"start":{"line":22,"column":8},"end":{"line":22,"column":52}},"3":{"start":{"line":24,"column":8},"end":{"line":24,"column":1180}},"4":{"start":{"line":25,"column":12},"end":{"line":25,"column":56}},"5":{"start":{"line":35,"column":8},"end":{"line":35,"column":74}},"6":{"start":{"line":42,"column":8},"end":{"line":42,"column":74}},"7":{"start":{"line":51,"column":8},"end":{"line":51,"column":74}}},"branchMap":{}},"contracts/facets/ERC20Facet.sol":{"l":{"42":117,"43":117,"51":16,"54":16,"55":16,"56":16,"57":15,"61":0,"62":0,"73":18,"76":18,"77":0,"79":18,"90":9,"93":9,"94":0,"96":9,"112":88,"113":88,"115":88,"116":88,"117":88,"118":88,"121":88,"124":88,"133":4,"142":0,"151":0,"152":0,"162":4,"163":3,"173":3,"183":7,"184":7,"195":1,"196":1,"197":1,"198":1,"206":1,"214":1,"222":1,"230":1,"240":5,"241":5,"244":5,"245":4,"247":4,"251":4,"252":4,"253":0,"254":0,"255":0,"258":4,"259":4,"260":4,"262":4,"263":3,"266":1,"271":4,"272":4,"275":4,"276":0,"281":4,"291":10,"292":10,"296":10,"297":10,"298":0,"301":10,"302":10,"312":1,"313":1,"314":1,"315":1,"316":1,"328":0,"329":0,"332":0,"333":0,"336":0,"337":0,"347":3,"348":3,"349":3,"350":2,"351":2,"353":2},"path":"/home/bgrusnak/Projects/CXB/cxbt-new/contracts/facets/ERC20Facet.sol","s":{"1":117,"2":16,"3":16,"4":16,"5":16,"6":0,"7":18,"8":18,"9":0,"10":18,"11":9,"12":9,"13":0,"14":9,"15":88,"16":88,"17":88,"18":4,"19":0,"20":0,"21":0,"22":4,"23":3,"24":3,"25":7,"26":7,"27":1,"28":1,"29":1,"30":1,"31":1,"32":1,"33":1,"34":1,"35":5,"36":5,"37":5,"38":4,"39":4,"40":4,"41":4,"42":0,"43":0,"44":4,"45":4,"46":4,"47":4,"48":4,"49":4,"50":10,"51":10,"52":10,"53":10,"54":0,"55":10,"56":1,"57":1,"58":1,"59":1,"60":0,"61":0,"62":0,"63":0,"64":0,"65":0,"66":3,"67":3,"68":3,"69":2,"70":2},"b":{"1":[16,0],"2":[15,1],"3":[0,18],"4":[0,0],"5":[0,9],"6":[0,0],"7":[88,0],"8":[4,1],"9":[7,0],"10":[1,0],"11":[5,0],"12":[5,0],"13":[4,1],"14":[4,0],"15":[0,4],"16":[0,0],"17":[4,0],"18":[3,1],"19":[0,4],"20":[10,0],"21":[10,0],"22":[0,10],"23":[0,0],"24":[1,0],"25":[1,0],"26":[0,0],"27":[0,0],"28":[0,0],"29":[3,0],"30":[2,1]},"f":{"1":117,"2":16,"3":0,"4":18,"5":9,"6":88,"7":4,"8":0,"9":0,"10":4,"11":3,"12":7,"13":1,"14":1,"15":1,"16":1,"17":1,"18":5,"19":10,"20":1,"21":0,"22":3},"fnMap":{"1":{"name":"ds","line":41,"loc":{"start":{"line":41,"column":4},"end":{"line":46,"column":4}}},"2":{"name":"whenNotPaused","line":49,"loc":{"start":{"line":49,"column":4},"end":{"line":58,"column":4}}},"3":{"name":"onlyOwner","line":60,"loc":{"start":{"line":60,"column":4},"end":{"line":63,"column":4}}},"4":{"name":"_isWhitelisted","line":70,"loc":{"start":{"line":70,"column":4},"end":{"line":80,"column":4}}},"5":{"name":"_isBlacklisted","line":87,"loc":{"start":{"line":87,"column":4},"end":{"line":97,"column":4}}},"6":{"name":"initERC20","line":106,"loc":{"start":{"line":106,"column":4},"end":{"line":125,"column":4}}},"7":{"name":"balanceOf","line":132,"loc":{"start":{"line":132,"column":4},"end":{"line":134,"column":4}}},"8":{"name":"unlockedBalanceOf","line":141,"loc":{"start":{"line":141,"column":4},"end":{"line":143,"column":4}}},"9":{"name":"lockedBalanceOf","line":150,"loc":{"start":{"line":150,"column":4},"end":{"line":153,"column":4}}},"10":{"name":"transfer","line":161,"loc":{"start":{"line":161,"column":4},"end":{"line":164,"column":4}}},"11":{"name":"allowance","line":172,"loc":{"start":{"line":172,"column":4},"end":{"line":174,"column":4}}},"12":{"name":"approve","line":182,"loc":{"start":{"line":182,"column":4},"end":{"line":185,"column":4}}},"13":{"name":"transferFrom","line":194,"loc":{"start":{"line":194,"column":4},"end":{"line":199,"column":4}}},"14":{"name":"totalSupply","line":205,"loc":{"start":{"line":205,"column":4},"end":{"line":207,"column":4}}},"15":{"name":"name","line":213,"loc":{"start":{"line":213,"column":4},"end":{"line":215,"column":4}}},"16":{"name":"symbol","line":221,"loc":{"start":{"line":221,"column":4},"end":{"line":223,"column":4}}},"17":{"name":"decimals","line":229,"loc":{"start":{"line":229,"column":4},"end":{"line":231,"column":4}}},"18":{"name":"_transfer","line":239,"loc":{"start":{"line":239,"column":4},"end":{"line":282,"column":4}}},"19":{"name":"_approve","line":290,"loc":{"start":{"line":290,"column":4},"end":{"line":303,"column":4}}},"20":{"name":"_spendAllowance","line":311,"loc":{"start":{"line":311,"column":4},"end":{"line":319,"column":4}}},"21":{"name":"increaseAllowance","line":327,"loc":{"start":{"line":327,"column":4},"end":{"line":338,"column":4}}},"22":{"name":"decreaseAllowance","line":346,"loc":{"start":{"line":346,"column":4},"end":{"line":354,"column":4}}}},"statementMap":{"1":{"start":{"line":42,"column":8},"end":{"line":42,"column":49}},"2":{"start":{"line":51,"column":8},"end":{"line":51,"column":1637}},"3":{"start":{"line":54,"column":8},"end":{"line":54,"column":74}},"4":{"start":{"line":55,"column":8},"end":{"line":55,"column":46}},"5":{"start":{"line":56,"column":8},"end":{"line":56,"column":43}},"6":{"start":{"line":61,"column":8},"end":{"line":61,"column":42}},"7":{"start":{"line":73,"column":8},"end":{"line":73,"column":2425}},"8":{"start":{"line":76,"column":8},"end":{"line":76,"column":2576}},"9":{"start":{"line":77,"column":12},"end":{"line":77,"column":24}},"10":{"start":{"line":79,"column":8},"end":{"line":79,"column":39}},"11":{"start":{"line":90,"column":8},"end":{"line":90,"column":3087}},"12":{"start":{"line":93,"column":8},"end":{"line":93,"column":3238}},"13":{"start":{"line":94,"column":12},"end":{"line":94,"column":24}},"14":{"start":{"line":96,"column":8},"end":{"line":96,"column":39}},"15":{"start":{"line":112,"column":8},"end":{"line":112,"column":37}},"16":{"start":{"line":113,"column":8},"end":{"line":113,"column":65}},"17":{"start":{"line":124,"column":8},"end":{"line":124,"column":60}},"18":{"start":{"line":133,"column":8},"end":{"line":133,"column":38}},"19":{"start":{"line":142,"column":8},"end":{"line":142,"column":45}},"20":{"start":{"line":151,"column":8},"end":{"line":151,"column":37}},"21":{"start":{"line":152,"column":8},"end":{"line":152,"column":65}},"22":{"start":{"line":162,"column":8},"end":{"line":162,"column":40}},"23":{"start":{"line":163,"column":8},"end":{"line":163,"column":19}},"24":{"start":{"line":173,"column":8},"end":{"line":173,"column":47}},"25":{"start":{"line":183,"column":8},"end":{"line":183,"column":44}},"26":{"start":{"line":184,"column":8},"end":{"line":184,"column":19}},"27":{"start":{"line":195,"column":8},"end":{"line":195,"column":36}},"28":{"start":{"line":196,"column":8},"end":{"line":196,"column":45}},"29":{"start":{"line":197,"column":8},"end":{"line":197,"column":34}},"30":{"start":{"line":198,"column":8},"end":{"line":198,"column":19}},"31":{"start":{"line":206,"column":8},"end":{"line":206,"column":32}},"32":{"start":{"line":214,"column":8},"end":{"line":214,"column":25}},"33":{"start":{"line":222,"column":8},"end":{"line":222,"column":27}},"34":{"start":{"line":230,"column":8},"end":{"line":230,"column":29}},"35":{"start":{"line":240,"column":8},"end":{"line":240,"column":75}},"36":{"start":{"line":241,"column":8},"end":{"line":241,"column":71}},"37":{"start":{"line":244,"column":8},"end":{"line":244,"column":69}},"38":{"start":{"line":245,"column":8},"end":{"line":245,"column":70}},"39":{"start":{"line":247,"column":8},"end":{"line":247,"column":37}},"40":{"start":{"line":251,"column":8},"end":{"line":251,"column":51}},"41":{"start":{"line":252,"column":8},"end":{"line":252,"column":8817}},"42":{"start":{"line":253,"column":12},"end":{"line":253,"column":59}},"43":{"start":{"line":254,"column":12},"end":{"line":254,"column":93}},"44":{"start":{"line":258,"column":12},"end":{"line":258,"column":59}},"45":{"start":{"line":259,"column":12},"end":{"line":259,"column":51}},"46":{"start":{"line":260,"column":12},"end":{"line":260,"column":83}},"47":{"start":{"line":262,"column":12},"end":{"line":262,"column":9418}},"48":{"start":{"line":275,"column":8},"end":{"line":275,"column":9890}},"49":{"start":{"line":281,"column":8},"end":{"line":281,"column":39}},"50":{"start":{"line":291,"column":8},"end":{"line":291,"column":75}},"51":{"start":{"line":292,"column":8},"end":{"line":292,"column":75}},"52":{"start":{"line":296,"column":8},"end":{"line":296,"column":53}},"53":{"start":{"line":297,"column":8},"end":{"line":297,"column":10872}},"54":{"start":{"line":298,"column":12},"end":{"line":298,"column":108}},"55":{"start":{"line":302,"column":8},"end":{"line":302,"column":45}},"56":{"start":{"line":312,"column":8},"end":{"line":312,"column":67}},"57":{"start":{"line":313,"column":8},"end":{"line":313,"column":11496}},"58":{"start":{"line":314,"column":12},"end":{"line":314,"column":79}},"59":{"start":{"line":316,"column":16},"end":{"line":316,"column":66}},"60":{"start":{"line":328,"column":8},"end":{"line":328,"column":34}},"61":{"start":{"line":329,"column":8},"end":{"line":329,"column":76}},"62":{"start":{"line":332,"column":8},"end":{"line":332,"column":12265}},"63":{"start":{"line":333,"column":12},"end":{"line":333,"column":114}},"64":{"start":{"line":336,"column":8},"end":{"line":336,"column":45}},"65":{"start":{"line":337,"column":8},"end":{"line":337,"column":19}},"66":{"start":{"line":347,"column":8},"end":{"line":347,"column":34}},"67":{"start":{"line":348,"column":8},"end":{"line":348,"column":67}},"68":{"start":{"line":349,"column":8},"end":{"line":349,"column":92}},"69":{"start":{"line":351,"column":12},"end":{"line":351,"column":71}},"70":{"start":{"line":353,"column":8},"end":{"line":353,"column":19}}},"branchMap":{"1":{"line":54,"type":"if","locations":[{"start":{"line":54,"column":8},"end":{"line":54,"column":8}},{"start":{"line":54,"column":8},"end":{"line":54,"column":8}}]},"2":{"line":56,"type":"if","locations":[{"start":{"line":56,"column":8},"end":{"line":56,"column":8}},{"start":{"line":56,"column":8},"end":{"line":56,"column":8}}]},"3":{"line":76,"type":"if","locations":[{"start":{"line":76,"column":8},"end":{"line":76,"column":8}},{"start":{"line":76,"column":8},"end":{"line":76,"column":8}}]},"4":{"line":76,"type":"cond-expr","locations":[{"start":{"line":76,"column":12},"end":{"line":76,"column":19}},{"start":{"line":76,"column":24},"end":{"line":76,"column":39}}]},"5":{"line":93,"type":"if","locations":[{"start":{"line":93,"column":8},"end":{"line":93,"column":8}},{"start":{"line":93,"column":8},"end":{"line":93,"column":8}}]},"6":{"line":93,"type":"cond-expr","locations":[{"start":{"line":93,"column":12},"end":{"line":93,"column":19}},{"start":{"line":93,"column":24},"end":{"line":93,"column":39}}]},"7":{"line":113,"type":"if","locations":[{"start":{"line":113,"column":8},"end":{"line":113,"column":8}},{"start":{"line":113,"column":8},"end":{"line":113,"column":8}}]},"8":{"line":161,"type":"if","locations":[{"start":{"line":161,"column":68},"end":{"line":161,"column":68}},{"start":{"line":161,"column":68},"end":{"line":161,"column":68}}]},"9":{"line":182,"type":"if","locations":[{"start":{"line":182,"column":72},"end":{"line":182,"column":72}},{"start":{"line":182,"column":72},"end":{"line":182,"column":72}}]},"10":{"line":194,"type":"if","locations":[{"start":{"line":194,"column":86},"end":{"line":194,"column":86}},{"start":{"line":194,"column":86},"end":{"line":194,"column":86}}]},"11":{"line":240,"type":"if","locations":[{"start":{"line":240,"column":8},"end":{"line":240,"column":8}},{"start":{"line":240,"column":8},"end":{"line":240,"column":8}}]},"12":{"line":241,"type":"if","locations":[{"start":{"line":241,"column":8},"end":{"line":241,"column":8}},{"start":{"line":241,"column":8},"end":{"line":241,"column":8}}]},"13":{"line":244,"type":"if","locations":[{"start":{"line":244,"column":8},"end":{"line":244,"column":8}},{"start":{"line":244,"column":8},"end":{"line":244,"column":8}}]},"14":{"line":245,"type":"if","locations":[{"start":{"line":245,"column":8},"end":{"line":245,"column":8}},{"start":{"line":245,"column":8},"end":{"line":245,"column":8}}]},"15":{"line":252,"type":"if","locations":[{"start":{"line":252,"column":8},"end":{"line":252,"column":8}},{"start":{"line":252,"column":8},"end":{"line":252,"column":8}}]},"16":{"line":254,"type":"if","locations":[{"start":{"line":254,"column":12},"end":{"line":254,"column":12}},{"start":{"line":254,"column":12},"end":{"line":254,"column":12}}]},"17":{"line":260,"type":"if","locations":[{"start":{"line":260,"column":12},"end":{"line":260,"column":12}},{"start":{"line":260,"column":12},"end":{"line":260,"column":12}}]},"18":{"line":262,"type":"if","locations":[{"start":{"line":262,"column":12},"end":{"line":262,"column":12}},{"start":{"line":262,"column":12},"end":{"line":262,"column":12}}]},"19":{"line":275,"type":"if","locations":[{"start":{"line":275,"column":8},"end":{"line":275,"column":8}},{"start":{"line":275,"column":8},"end":{"line":275,"column":8}}]},"20":{"line":291,"type":"if","locations":[{"start":{"line":291,"column":8},"end":{"line":291,"column":8}},{"start":{"line":291,"column":8},"end":{"line":291,"column":8}}]},"21":{"line":292,"type":"if","locations":[{"start":{"line":292,"column":8},"end":{"line":292,"column":8}},{"start":{"line":292,"column":8},"end":{"line":292,"column":8}}]},"22":{"line":297,"type":"if","locations":[{"start":{"line":297,"column":8},"end":{"line":297,"column":8}},{"start":{"line":297,"column":8},"end":{"line":297,"column":8}}]},"23":{"line":298,"type":"if","locations":[{"start":{"line":298,"column":12},"end":{"line":298,"column":12}},{"start":{"line":298,"column":12},"end":{"line":298,"column":12}}]},"24":{"line":313,"type":"if","locations":[{"start":{"line":313,"column":8},"end":{"line":313,"column":8}},{"start":{"line":313,"column":8},"end":{"line":313,"column":8}}]},"25":{"line":314,"type":"if","locations":[{"start":{"line":314,"column":12},"end":{"line":314,"column":12}},{"start":{"line":314,"column":12},"end":{"line":314,"column":12}}]},"26":{"line":327,"type":"if","locations":[{"start":{"line":327,"column":77},"end":{"line":327,"column":77}},{"start":{"line":327,"column":77},"end":{"line":327,"column":77}}]},"27":{"line":332,"type":"if","locations":[{"start":{"line":332,"column":8},"end":{"line":332,"column":8}},{"start":{"line":332,"column":8},"end":{"line":332,"column":8}}]},"28":{"line":333,"type":"if","locations":[{"start":{"line":333,"column":12},"end":{"line":333,"column":12}},{"start":{"line":333,"column":12},"end":{"line":333,"column":12}}]},"29":{"line":346,"type":"if","locations":[{"start":{"line":346,"column":82},"end":{"line":346,"column":82}},{"start":{"line":346,"column":82},"end":{"line":346,"column":82}}]},"30":{"line":349,"type":"if","locations":[{"start":{"line":349,"column":8},"end":{"line":349,"column":8}},{"start":{"line":349,"column":8},"end":{"line":349,"column":8}}]}}},"contracts/facets/OwnershipFacet.sol":{"l":{"16":4,"25":3,"26":2,"35":2,"36":1},"path":"/home/bgrusnak/Projects/CXB/cxbt-new/contracts/facets/OwnershipFacet.sol","s":{"1":4,"2":3,"3":2,"4":2,"5":1},"b":{},"f":{"1":4,"2":3,"3":2},"fnMap":{"1":{"name":"owner","line":15,"loc":{"start":{"line":15,"column":4},"end":{"line":17,"column":4}}},"2":{"name":"transferOwnership","line":24,"loc":{"start":{"line":24,"column":4},"end":{"line":27,"column":4}}},"3":{"name":"renounceOwnership","line":34,"loc":{"start":{"line":34,"column":4},"end":{"line":37,"column":4}}}},"statementMap":{"1":{"start":{"line":16,"column":8},"end":{"line":16,"column":41}},"2":{"start":{"line":25,"column":8},"end":{"line":25,"column":42}},"3":{"start":{"line":26,"column":8},"end":{"line":26,"column":44}},"4":{"start":{"line":35,"column":8},"end":{"line":35,"column":42}},"5":{"start":{"line":36,"column":8},"end":{"line":36,"column":46}}},"branchMap":{}},"contracts/interfaces/ICXBTFacet.sol":{"l":{},"path":"/home/bgrusnak/Projects/CXB/cxbt-new/contracts/interfaces/ICXBTFacet.sol","s":{},"b":{},"f":{},"fnMap":{},"statementMap":{},"branchMap":{}},"contracts/interfaces/IDiamondCut.sol":{"l":{},"path":"/home/bgrusnak/Projects/CXB/cxbt-new/contracts/interfaces/IDiamondCut.sol","s":{},"b":{},"f":{},"fnMap":{},"statementMap":{},"branchMap":{}},"contracts/interfaces/IDiamondLoupe.sol":{"l":{},"path":"/home/bgrusnak/Projects/CXB/cxbt-new/contracts/interfaces/IDiamondLoupe.sol","s":{},"b":{},"f":{},"fnMap":{},"statementMap":{},"branchMap":{}},"contracts/interfaces/IERC20Facet.sol":{"l":{},"path":"/home/bgrusnak/Projects/CXB/cxbt-new/contracts/interfaces/IERC20Facet.sol","s":{},"b":{},"f":{},"fnMap":{},"statementMap":{},"branchMap":{}},"contracts/libraries/LibDiamond.sol":{"l":{"43":1530,"44":1530,"52":91,"53":91,"54":91,"55":91,"59":30,"63":523,"74":352,"75":352,"76":352,"80":352,"82":352,"83":440,"84":440,"85":440,"87":0,"89":0,"90":0,"92":0,"95":352,"96":352,"105":440,"106":440,"108":440,"109":440,"110":440,"112":440,"114":440,"115":3784,"116":3784,"117":3784,"118":3784,"119":3784,"121":440,"123":440,"127":0,"128":0,"129":0,"130":0,"132":0,"133":0,"134":0,"135":0,"136":0,"137":0,"138":0,"143":0,"144":0,"145":0,"146":0,"148":0,"149":0,"150":0,"151":0,"152":0,"155":0,"157":0,"158":0,"159":0,"160":0,"161":0,"164":0,"165":0,"170":440,"179":3784,"180":3784,"181":3784,"185":0,"186":0,"187":0,"188":0,"189":0,"190":0,"192":0,"193":0,"197":352,"198":264,"200":88,"201":88,"202":88,"204":88,"205":88,"206":0,"208":0,"210":0},"path":"/home/bgrusnak/Projects/CXB/cxbt-new/contracts/libraries/LibDiamond.sol","s":{"1":1530,"2":91,"3":91,"4":91,"5":523,"6":352,"7":352,"8":352,"9":352,"10":352,"11":440,"12":440,"13":0,"14":0,"15":0,"16":0,"17":0,"18":352,"19":352,"20":440,"21":440,"22":440,"23":440,"24":440,"25":440,"26":3784,"27":3784,"28":3784,"29":3784,"30":440,"31":0,"32":0,"33":0,"34":0,"35":0,"36":0,"37":0,"38":0,"39":0,"40":0,"41":0,"42":0,"43":0,"44":0,"45":0,"46":0,"47":0,"48":0,"49":0,"50":0,"51":0,"52":0,"53":0,"54":0,"55":440,"56":3784,"57":0,"58":0,"59":0,"60":0,"61":0,"62":352,"63":264,"64":88,"65":88,"66":88,"67":88,"68":88,"69":0,"70":0,"71":0},"b":{"1":[514,9],"2":[440,0],"3":[0,0],"4":[0,0],"5":[440,0],"6":[440,0],"7":[3784,0],"8":[0,0],"9":[0,0],"10":[0,0],"11":[0,0],"12":[0,0],"13":[0,0],"14":[0,0],"15":[0,0],"16":[0,0],"17":[0,0],"18":[264,88],"19":[264,0],"20":[88,0],"21":[88,0],"22":[0,88],"23":[0,0]},"f":{"1":1530,"2":91,"3":30,"4":523,"5":352,"6":440,"7":0,"8":0,"9":440,"10":3784,"11":0,"12":352},"fnMap":{"1":{"name":"diamondStorage","line":42,"loc":{"start":{"line":42,"column":4},"end":{"line":47,"column":4}}},"2":{"name":"setContractOwner","line":51,"loc":{"start":{"line":51,"column":4},"end":{"line":56,"column":4}}},"3":{"name":"contractOwner","line":58,"loc":{"start":{"line":58,"column":4},"end":{"line":60,"column":4}}},"4":{"name":"enforceIsContractOwner","line":62,"loc":{"start":{"line":62,"column":4},"end":{"line":64,"column":4}}},"5":{"name":"diamondCut","line":69,"loc":{"start":{"line":69,"column":4},"end":{"line":97,"column":4}}},"6":{"name":"addFunctions","line":99,"loc":{"start":{"line":99,"column":4},"end":{"line":124,"column":4}}},"7":{"name":"replaceFunctions","line":126,"loc":{"start":{"line":126,"column":4},"end":{"line":140,"column":4}}},"8":{"name":"removeFunctions","line":142,"loc":{"start":{"line":142,"column":4},"end":{"line":167,"column":4}}},"9":{"name":"isFacet","line":169,"loc":{"start":{"line":169,"column":4},"end":{"line":171,"column":4}}},"10":{"name":"addFunction","line":173,"loc":{"start":{"line":173,"column":4},"end":{"line":182,"column":4}}},"11":{"name":"removeFunction","line":184,"loc":{"start":{"line":184,"column":4},"end":{"line":194,"column":4}}},"12":{"name":"initializeDiamondCut","line":196,"loc":{"start":{"line":196,"column":4},"end":{"line":214,"column":4}}}},"statementMap":{"1":{"start":{"line":43,"column":8},"end":{"line":43,"column":51}},"2":{"start":{"line":52,"column":8},"end":{"line":52,"column":52}},"3":{"start":{"line":53,"column":8},"end":{"line":53,"column":48}},"4":{"start":{"line":55,"column":8},"end":{"line":55,"column":59}},"5":{"start":{"line":63,"column":8},"end":{"line":63,"column":98}},"6":{"start":{"line":74,"column":8},"end":{"line":74,"column":52}},"7":{"start":{"line":75,"column":8},"end":{"line":75,"column":78}},"8":{"start":{"line":76,"column":8},"end":{"line":76,"column":53}},"9":{"start":{"line":80,"column":8},"end":{"line":80,"column":32}},"10":{"start":{"line":82,"column":8},"end":{"line":82,"column":3334}},"11":{"start":{"line":83,"column":12},"end":{"line":83,"column":78}},"12":{"start":{"line":84,"column":12},"end":{"line":84,"column":3504}},"13":{"start":{"line":86,"column":19},"end":{"line":86,"column":3741}},"14":{"start":{"line":87,"column":16},"end":{"line":87,"column":112}},"15":{"start":{"line":88,"column":19},"end":{"line":88,"column":3927}},"16":{"start":{"line":89,"column":16},"end":{"line":89,"column":111}},"17":{"start":{"line":92,"column":16},"end":{"line":92,"column":64}},"18":{"start":{"line":95,"column":8},"end":{"line":95,"column":54}},"19":{"start":{"line":96,"column":8},"end":{"line":96,"column":45}},"20":{"start":{"line":105,"column":8},"end":{"line":105,"column":93}},"21":{"start":{"line":106,"column":8},"end":{"line":106,"column":52}},"22":{"start":{"line":108,"column":8},"end":{"line":108,"column":4761}},"23":{"start":{"line":110,"column":12},"end":{"line":110,"column":48}},"24":{"start":{"line":112,"column":8},"end":{"line":112,"column":100}},"25":{"start":{"line":114,"column":8},"end":{"line":114,"column":5103}},"26":{"start":{"line":115,"column":12},"end":{"line":115,"column":63}},"27":{"start":{"line":116,"column":12},"end":{"line":116,"column":90}},"28":{"start":{"line":117,"column":12},"end":{"line":117,"column":106}},"29":{"start":{"line":118,"column":12},"end":{"line":118,"column":69}},"30":{"start":{"line":123,"column":8},"end":{"line":123,"column":37}},"31":{"start":{"line":127,"column":8},"end":{"line":127,"column":93}},"32":{"start":{"line":128,"column":8},"end":{"line":128,"column":52}},"33":{"start":{"line":129,"column":8},"end":{"line":129,"column":81}},"34":{"start":{"line":130,"column":8},"end":{"line":130,"column":100}},"35":{"start":{"line":132,"column":8},"end":{"line":132,"column":6220}},"36":{"start":{"line":133,"column":12},"end":{"line":133,"column":63}},"37":{"start":{"line":134,"column":12},"end":{"line":134,"column":90}},"38":{"start":{"line":135,"column":12},"end":{"line":135,"column":112}},"39":{"start":{"line":136,"column":12},"end":{"line":136,"column":56}},"40":{"start":{"line":137,"column":12},"end":{"line":137,"column":69}},"41":{"start":{"line":143,"column":8},"end":{"line":143,"column":93}},"42":{"start":{"line":144,"column":8},"end":{"line":144,"column":52}},"43":{"start":{"line":145,"column":8},"end":{"line":145,"column":81}},"44":{"start":{"line":146,"column":8},"end":{"line":146,"column":100}},"45":{"start":{"line":148,"column":8},"end":{"line":148,"column":7239}},"46":{"start":{"line":149,"column":12},"end":{"line":149,"column":63}},"47":{"start":{"line":150,"column":12},"end":{"line":150,"column":90}},"48":{"start":{"line":151,"column":12},"end":{"line":151,"column":111}},"49":{"start":{"line":152,"column":12},"end":{"line":152,"column":54}},"50":{"start":{"line":155,"column":8},"end":{"line":155,"column":7749}},"51":{"start":{"line":157,"column":12},"end":{"line":157,"column":75}},"52":{"start":{"line":158,"column":12},"end":{"line":158,"column":82}},"53":{"start":{"line":159,"column":12},"end":{"line":159,"column":8040}},"54":{"start":{"line":164,"column":12},"end":{"line":164,"column":34}},"55":{"start":{"line":170,"column":8},"end":{"line":170,"column":154}},"56":{"start":{"line":181,"column":8},"end":{"line":181,"column":81}},"57":{"start":{"line":185,"column":8},"end":{"line":185,"column":100}},"58":{"start":{"line":186,"column":8},"end":{"line":186,"column":108}},"59":{"start":{"line":187,"column":8},"end":{"line":187,"column":9560}},"60":{"start":{"line":188,"column":12},"end":{"line":188,"column":114}},"61":{"start":{"line":192,"column":8},"end":{"line":192,"column":71}},"62":{"start":{"line":197,"column":8},"end":{"line":197,"column":10191}},"63":{"start":{"line":198,"column":12},"end":{"line":198,"column":103}},"64":{"start":{"line":200,"column":12},"end":{"line":200,"column":103}},"65":{"start":{"line":201,"column":12},"end":{"line":201,"column":10463}},"66":{"start":{"line":202,"column":16},"end":{"line":202,"column":39}},"67":{"start":{"line":204,"column":12},"end":{"line":204,"column":78}},"68":{"start":{"line":205,"column":12},"end":{"line":205,"column":10641}},"69":{"start":{"line":206,"column":16},"end":{"line":206,"column":10677}},"70":{"start":{"line":208,"column":20},"end":{"line":208,"column":40}},"71":{"start":{"line":210,"column":20},"end":{"line":210,"column":64}}},"branchMap":{"1":{"line":63,"type":"if","locations":[{"start":{"line":63,"column":8},"end":{"line":63,"column":8}},{"start":{"line":63,"column":8},"end":{"line":63,"column":8}}]},"2":{"line":84,"type":"if","locations":[{"start":{"line":84,"column":12},"end":{"line":84,"column":12}},{"start":{"line":84,"column":12},"end":{"line":84,"column":12}}]},"3":{"line":86,"type":"if","locations":[{"start":{"line":86,"column":19},"end":{"line":86,"column":19}},{"start":{"line":86,"column":19},"end":{"line":86,"column":19}}]},"4":{"line":88,"type":"if","locations":[{"start":{"line":88,"column":19},"end":{"line":88,"column":19}},{"start":{"line":88,"column":19},"end":{"line":88,"column":19}}]},"5":{"line":105,"type":"if","locations":[{"start":{"line":105,"column":8},"end":{"line":105,"column":8}},{"start":{"line":105,"column":8},"end":{"line":105,"column":8}}]},"6":{"line":108,"type":"if","locations":[{"start":{"line":108,"column":8},"end":{"line":108,"column":8}},{"start":{"line":108,"column":8},"end":{"line":108,"column":8}}]},"7":{"line":117,"type":"if","locations":[{"start":{"line":117,"column":12},"end":{"line":117,"column":12}},{"start":{"line":117,"column":12},"end":{"line":117,"column":12}}]},"8":{"line":127,"type":"if","locations":[{"start":{"line":127,"column":8},"end":{"line":127,"column":8}},{"start":{"line":127,"column":8},"end":{"line":127,"column":8}}]},"9":{"line":129,"type":"if","locations":[{"start":{"line":129,"column":8},"end":{"line":129,"column":8}},{"start":{"line":129,"column":8},"end":{"line":129,"column":8}}]},"10":{"line":135,"type":"if","locations":[{"start":{"line":135,"column":12},"end":{"line":135,"column":12}},{"start":{"line":135,"column":12},"end":{"line":135,"column":12}}]},"11":{"line":143,"type":"if","locations":[{"start":{"line":143,"column":8},"end":{"line":143,"column":8}},{"start":{"line":143,"column":8},"end":{"line":143,"column":8}}]},"12":{"line":145,"type":"if","locations":[{"start":{"line":145,"column":8},"end":{"line":145,"column":8}},{"start":{"line":145,"column":8},"end":{"line":145,"column":8}}]},"13":{"line":151,"type":"if","locations":[{"start":{"line":151,"column":12},"end":{"line":151,"column":12}},{"start":{"line":151,"column":12},"end":{"line":151,"column":12}}]},"14":{"line":155,"type":"if","locations":[{"start":{"line":155,"column":8},"end":{"line":155,"column":8}},{"start":{"line":155,"column":8},"end":{"line":155,"column":8}}]},"15":{"line":159,"type":"if","locations":[{"start":{"line":159,"column":12},"end":{"line":159,"column":12}},{"start":{"line":159,"column":12},"end":{"line":159,"column":12}}]},"16":{"line":170,"type":"cond-expr","locations":[{"start":{"line":170,"column":15},"end":{"line":170,"column":80}},{"start":{"line":170,"column":85},"end":{"line":170,"column":153}}]},"17":{"line":187,"type":"if","locations":[{"start":{"line":187,"column":8},"end":{"line":187,"column":8}},{"start":{"line":187,"column":8},"end":{"line":187,"column":8}}]},"18":{"line":197,"type":"if","locations":[{"start":{"line":197,"column":8},"end":{"line":197,"column":8}},{"start":{"line":197,"column":8},"end":{"line":197,"column":8}}]},"19":{"line":198,"type":"if","locations":[{"start":{"line":198,"column":12},"end":{"line":198,"column":12}},{"start":{"line":198,"column":12},"end":{"line":198,"column":12}}]},"20":{"line":200,"type":"if","locations":[{"start":{"line":200,"column":12},"end":{"line":200,"column":12}},{"start":{"line":200,"column":12},"end":{"line":200,"column":12}}]},"21":{"line":201,"type":"if","locations":[{"start":{"line":201,"column":12},"end":{"line":201,"column":12}},{"start":{"line":201,"column":12},"end":{"line":201,"column":12}}]},"22":{"line":205,"type":"if","locations":[{"start":{"line":205,"column":12},"end":{"line":205,"column":12}},{"start":{"line":205,"column":12},"end":{"line":205,"column":12}}]},"23":{"line":206,"type":"if","locations":[{"start":{"line":206,"column":16},"end":{"line":206,"column":16}},{"start":{"line":206,"column":16},"end":{"line":206,"column":16}}]}}},"contracts/MaliciousEURC.sol":{"l":{"19":0,"26":0,"33":0,"40":0,"43":0,"46":0,"47":0,"50":0,"54":0,"61":0,"63":0,"73":0,"75":0,"79":0},"path":"/home/bgrusnak/Projects/CXB/cxbt-new/contracts/MaliciousEURC.sol","s":{"1":0,"2":0,"3":0,"4":0,"5":0,"6":0,"7":0,"8":0},"b":{"1":[0,0],"2":[0,0]},"f":{"1":0,"2":0,"3":0,"4":0,"5":0},"fnMap":{"1":{"name":"constructor","line":18,"loc":{"start":{"line":18,"column":4},"end":{"line":20,"column":4}}},"2":{"name":"setPaidToken","line":25,"loc":{"start":{"line":25,"column":4},"end":{"line":27,"column":4}}},"3":{"name":"approvePAID","line":32,"loc":{"start":{"line":32,"column":4},"end":{"line":34,"column":4}}},"4":{"name":"attack","line":39,"loc":{"start":{"line":39,"column":4},"end":{"line":55,"column":4}}},"5":{"name":"onTokenTransfer","line":72,"loc":{"start":{"line":72,"column":4},"end":{"line":80,"column":4}}}},"statementMap":{"1":{"start":{"line":33,"column":8},"end":{"line":33,"column":51}},"2":{"start":{"line":43,"column":8},"end":{"line":43,"column":55}},"3":{"start":{"line":46,"column":8},"end":{"line":46,"column":78}},"4":{"start":{"line":47,"column":8},"end":{"line":47,"column":53}},"5":{"start":{"line":50,"column":8},"end":{"line":50,"column":1346}},"6":{"start":{"line":73,"column":8},"end":{"line":73,"column":2091}},"7":{"start":{"line":75,"column":12},"end":{"line":75,"column":2194}},"8":{"start":{"line":79,"column":8},"end":{"line":79,"column":19}}},"branchMap":{"1":{"line":61,"type":"if","locations":[{"start":{"line":61,"column":8},"end":{"line":61,"column":8}},{"start":{"line":61,"column":8},"end":{"line":61,"column":8}}]},"2":{"line":73,"type":"if","locations":[{"start":{"line":73,"column":8},"end":{"line":73,"column":8}},{"start":{"line":73,"column":8},"end":{"line":73,"column":8}}]}}},"contracts/MockEURC.sol":{"l":{"13":92,"20":171},"path":"/home/bgrusnak/Projects/CXB/cxbt-new/contracts/MockEURC.sol","s":{"1":92,"2":171},"b":{},"f":{"1":92,"2":171},"fnMap":{"1":{"name":"constructor","line":11,"loc":{"start":{"line":11,"column":4},"end":{"line":14,"column":4}}},"2":{"name":"mint","line":19,"loc":{"start":{"line":19,"column":4},"end":{"line":21,"column":4}}}},"statementMap":{"1":{"start":{"line":13,"column":8},"end":{"line":13,"column":50}},"2":{"start":{"line":20,"column":8},"end":{"line":20,"column":24}}},"branchMap":{}}}