{"contracts/Diamond.sol":{"l":{"21":98,"23":98,"24":98,"34":98,"37":98,"39":98,"40":98,"41":98,"48":98,"49":98,"50":98,"51":98,"52":98,"53":98,"60":98,"61":98,"63":98,"69":812,"70":812,"71":812,"74":812,"75":812,"78":812},"path":"/home/bgrusnak/Projects/CXB/cxbt-new/contracts/Diamond.sol","s":{"1":98,"2":98,"3":98,"4":98,"5":98,"6":98,"7":98,"8":98,"9":812,"10":812,"11":812,"12":812},"b":{"1":[812,0]},"f":{"1":98,"2":98,"3":812},"fnMap":{"1":{"name":"init","line":19,"loc":{"start":{"line":19,"column":4},"end":{"line":25,"column":4}}},"2":{"name":"constructor","line":33,"loc":{"start":{"line":33,"column":4},"end":{"line":64,"column":4}}},"3":{"name":null,"line":68,"loc":{"start":{"line":68,"column":4},"end":{"line":94,"column":4}}}},"statementMap":{"1":{"start":{"line":21,"column":8},"end":{"line":21,"column":74}},"2":{"start":{"line":34,"column":8},"end":{"line":34,"column":50}},"3":{"start":{"line":37,"column":8},"end":{"line":37,"column":80}},"4":{"start":{"line":39,"column":8},"end":{"line":39,"column":61}},"5":{"start":{"line":48,"column":8},"end":{"line":48,"column":63}},"6":{"start":{"line":60,"column":8},"end":{"line":60,"column":51}},"7":{"start":{"line":61,"column":8},"end":{"line":61,"column":85}},"8":{"start":{"line":63,"column":8},"end":{"line":63,"column":76}},"9":{"start":{"line":69,"column":8},"end":{"line":69,"column":44}},"10":{"start":{"line":70,"column":8},"end":{"line":70,"column":62}},"11":{"start":{"line":74,"column":8},"end":{"line":74,"column":75}},"12":{"start":{"line":75,"column":8},"end":{"line":75,"column":71}}},"branchMap":{"1":{"line":75,"type":"if","locations":[{"start":{"line":75,"column":8},"end":{"line":75,"column":8}},{"start":{"line":75,"column":8},"end":{"line":75,"column":8}}]}}},"contracts/facets/CXBTFacet.sol":{"l":{"40":122,"41":122,"68":320,"69":320,"79":3,"80":3,"84":0,"85":0,"89":203,"90":196,"99":98,"100":98,"101":98,"102":98,"104":98,"105":98,"106":98,"109":98,"111":98,"126":24,"127":24,"128":24,"129":24,"138":70,"148":32,"150":31,"151":31,"154":31,"155":31,"156":31,"157":31,"160":30,"163":30,"166":30,"167":30,"171":30,"174":30,"175":1,"176":1,"177":1,"180":30,"192":10,"193":9,"195":9,"198":9,"199":9,"200":9,"201":9,"204":8,"206":8,"216":9,"218":8,"219":8,"222":8,"225":8,"226":8,"229":8,"231":8,"241":3,"243":3,"244":3,"246":3,"249":2,"252":2,"253":2,"255":2,"264":5,"266":3,"267":3,"268":3,"270":3,"279":5,"280":5,"288":1,"289":1,"297":22,"305":2,"313":2,"321":5,"329":3,"331":2,"334":2,"337":2,"338":2,"339":2,"341":0,"342":0,"348":2,"351":2,"353":2,"354":2,"363":45,"366":45,"370":45,"372":45,"382":45,"383":45,"384":45,"395":8,"396":8,"397":8,"398":8,"399":8,"407":2,"408":2,"409":2,"410":2,"419":8,"420":8,"421":8,"422":8,"423":8,"431":2,"432":2,"433":2,"434":2,"443":24,"452":17},"path":"/home/bgrusnak/Projects/CXB/cxbt-new/contracts/facets/CXBTFacet.sol","s":{"1":122,"2":320,"3":3,"4":0,"5":203,"6":98,"7":98,"8":98,"9":98,"10":98,"11":24,"12":32,"13":31,"14":31,"15":31,"16":31,"17":31,"18":31,"19":30,"20":30,"21":30,"22":30,"23":30,"24":30,"25":10,"26":9,"27":9,"28":9,"29":9,"30":9,"31":9,"32":8,"33":9,"34":8,"35":8,"36":8,"37":8,"38":3,"39":3,"40":3,"41":3,"42":2,"43":5,"44":3,"45":3,"46":3,"47":5,"48":1,"49":22,"50":2,"51":2,"52":5,"53":3,"54":2,"55":2,"56":2,"57":2,"58":0,"59":2,"60":2,"61":45,"62":45,"63":45,"64":45,"65":45,"66":8,"67":8,"68":8,"69":8,"70":2,"71":2,"72":2,"73":8,"74":8,"75":8,"76":8,"77":2,"78":2,"79":2,"80":24,"81":17},"b":{"1":[3,0],"2":[0,0],"3":[98,0],"4":[98,0],"5":[98,0],"6":[98,0],"7":[32,0],"8":[31,1],"9":[30,1],"10":[30,0],"11":[1,29],"12":[10,1],"13":[9,1],"14":[9,0],"15":[8,1],"16":[9,1],"17":[9,0],"18":[8,1],"19":[8,0],"20":[3,0],"21":[3,0],"22":[3,0],"23":[2,1],"24":[5,1],"25":[3,2],"26":[5,1],"27":[5,0],"28":[1,0],"29":[1,0],"30":[3,0],"31":[2,1],"32":[2,0],"33":[2,0],"34":[45,1],"35":[45,0],"36":[8,1],"37":[8,0],"38":[8,0],"39":[2,0],"40":[2,0],"41":[8,1],"42":[8,0],"43":[8,0],"44":[2,0],"45":[2,0]},"f":{"1":122,"2":320,"3":3,"4":0,"5":203,"6":98,"7":24,"8":70,"9":32,"10":10,"11":9,"12":3,"13":5,"14":5,"15":1,"16":22,"17":2,"18":2,"19":5,"20":3,"21":45,"22":45,"23":8,"24":2,"25":8,"26":2,"27":24,"28":17},"fnMap":{"1":{"name":"erc20Ds","line":39,"loc":{"start":{"line":39,"column":4},"end":{"line":44,"column":4}}},"2":{"name":"ds","line":67,"loc":{"start":{"line":67,"column":4},"end":{"line":72,"column":4}}},"3":{"name":"whenNotPaused","line":78,"loc":{"start":{"line":78,"column":4},"end":{"line":81,"column":4}}},"4":{"name":"whenPaused","line":83,"loc":{"start":{"line":83,"column":4},"end":{"line":86,"column":4}}},"5":{"name":"onlyOwner","line":88,"loc":{"start":{"line":88,"column":4},"end":{"line":91,"column":4}}},"6":{"name":"initCXBT","line":98,"loc":{"start":{"line":98,"column":4},"end":{"line":112,"column":4}}},"7":{"name":"getTokenBalances","line":121,"loc":{"start":{"line":121,"column":4},"end":{"line":130,"column":4}}},"8":{"name":"calculateUnlockCost","line":137,"loc":{"start":{"line":137,"column":4},"end":{"line":139,"column":4}}},"9":{"name":"unlockTokens","line":147,"loc":{"start":{"line":147,"column":4},"end":{"line":181,"column":4}}},"10":{"name":"ownerUnlockTokens","line":191,"loc":{"start":{"line":191,"column":4},"end":{"line":207,"column":4}}},"11":{"name":"addToRewardPool","line":215,"loc":{"start":{"line":215,"column":4},"end":{"line":232,"column":4}}},"12":{"name":"withdrawFromRewardPool","line":240,"loc":{"start":{"line":240,"column":4},"end":{"line":256,"column":4}}},"13":{"name":"setUnlockPercentage","line":263,"loc":{"start":{"line":263,"column":4},"end":{"line":271,"column":4}}},"14":{"name":"pause","line":278,"loc":{"start":{"line":278,"column":4},"end":{"line":281,"column":4}}},"15":{"name":"unpause","line":287,"loc":{"start":{"line":287,"column":4},"end":{"line":290,"column":4}}},"16":{"name":"paused","line":296,"loc":{"start":{"line":296,"column":4},"end":{"line":298,"column":4}}},"17":{"name":"getPaidToken","line":304,"loc":{"start":{"line":304,"column":4},"end":{"line":306,"column":4}}},"18":{"name":"getUnlockPercentage","line":312,"loc":{"start":{"line":312,"column":4},"end":{"line":314,"column":4}}},"19":{"name":"getRewardPoolBalance","line":320,"loc":{"start":{"line":320,"column":4},"end":{"line":322,"column":4}}},"20":{"name":"burn","line":328,"loc":{"start":{"line":328,"column":4},"end":{"line":355,"column":4}}},"21":{"name":"_mintWithoutPause","line":362,"loc":{"start":{"line":362,"column":4},"end":{"line":373,"column":4}}},"22":{"name":"mint","line":381,"loc":{"start":{"line":381,"column":4},"end":{"line":385,"column":4}}},"23":{"name":"addToWhitelist","line":394,"loc":{"start":{"line":394,"column":4},"end":{"line":400,"column":4}}},"24":{"name":"removeFromWhitelist","line":406,"loc":{"start":{"line":406,"column":4},"end":{"line":411,"column":4}}},"25":{"name":"addToBlacklist","line":418,"loc":{"start":{"line":418,"column":4},"end":{"line":424,"column":4}}},"26":{"name":"removeFromBlacklist","line":430,"loc":{"start":{"line":430,"column":4},"end":{"line":435,"column":4}}},"27":{"name":"isWhitelisted","line":442,"loc":{"start":{"line":442,"column":4},"end":{"line":444,"column":4}}},"28":{"name":"isBlacklisted","line":451,"loc":{"start":{"line":451,"column":4},"end":{"line":453,"column":4}}}},"statementMap":{"1":{"start":{"line":40,"column":8},"end":{"line":40,"column":49}},"2":{"start":{"line":68,"column":8},"end":{"line":68,"column":48}},"3":{"start":{"line":79,"column":8},"end":{"line":79,"column":48}},"4":{"start":{"line":84,"column":8},"end":{"line":84,"column":51}},"5":{"start":{"line":89,"column":8},"end":{"line":89,"column":42}},"6":{"start":{"line":99,"column":8},"end":{"line":99,"column":36}},"7":{"start":{"line":100,"column":8},"end":{"line":100,"column":73}},"8":{"start":{"line":101,"column":8},"end":{"line":101,"column":70}},"9":{"start":{"line":102,"column":8},"end":{"line":102,"column":95}},"10":{"start":{"line":111,"column":8},"end":{"line":111,"column":59}},"11":{"start":{"line":126,"column":8},"end":{"line":126,"column":42}},"12":{"start":{"line":148,"column":8},"end":{"line":148,"column":72}},"13":{"start":{"line":150,"column":8},"end":{"line":150,"column":40}},"14":{"start":{"line":151,"column":8},"end":{"line":151,"column":47}},"15":{"start":{"line":154,"column":8},"end":{"line":154,"column":59}},"16":{"start":{"line":155,"column":8},"end":{"line":155,"column":69}},"17":{"start":{"line":156,"column":8},"end":{"line":156,"column":62}},"18":{"start":{"line":157,"column":8},"end":{"line":157,"column":75}},"19":{"start":{"line":160,"column":8},"end":{"line":160,"column":56}},"20":{"start":{"line":163,"column":8},"end":{"line":163,"column":72}},"21":{"start":{"line":166,"column":8},"end":{"line":166,"column":5889}},"22":{"start":{"line":167,"column":12},"end":{"line":167,"column":73}},"23":{"start":{"line":174,"column":8},"end":{"line":174,"column":6228}},"24":{"start":{"line":180,"column":8},"end":{"line":180,"column":59}},"25":{"start":{"line":192,"column":8},"end":{"line":192,"column":72}},"26":{"start":{"line":193,"column":8},"end":{"line":193,"column":58}},"27":{"start":{"line":195,"column":8},"end":{"line":195,"column":47}},"28":{"start":{"line":198,"column":8},"end":{"line":198,"column":53}},"29":{"start":{"line":199,"column":8},"end":{"line":199,"column":63}},"30":{"start":{"line":200,"column":8},"end":{"line":200,"column":62}},"31":{"start":{"line":201,"column":8},"end":{"line":201,"column":75}},"32":{"start":{"line":206,"column":8},"end":{"line":206,"column":66}},"33":{"start":{"line":216,"column":8},"end":{"line":216,"column":59}},"34":{"start":{"line":218,"column":8},"end":{"line":218,"column":47}},"35":{"start":{"line":219,"column":8},"end":{"line":219,"column":40}},"36":{"start":{"line":222,"column":8},"end":{"line":222,"column":93}},"37":{"start":{"line":231,"column":8},"end":{"line":231,"column":36}},"38":{"start":{"line":241,"column":8},"end":{"line":241,"column":59}},"39":{"start":{"line":243,"column":8},"end":{"line":243,"column":47}},"40":{"start":{"line":244,"column":8},"end":{"line":244,"column":40}},"41":{"start":{"line":246,"column":8},"end":{"line":246,"column":85}},"42":{"start":{"line":255,"column":8},"end":{"line":255,"column":40}},"43":{"start":{"line":264,"column":8},"end":{"line":264,"column":87}},"44":{"start":{"line":266,"column":8},"end":{"line":266,"column":36}},"45":{"start":{"line":267,"column":8},"end":{"line":267,"column":50}},"46":{"start":{"line":270,"column":8},"end":{"line":270,"column":66}},"47":{"start":{"line":279,"column":8},"end":{"line":279,"column":48}},"48":{"start":{"line":288,"column":8},"end":{"line":288,"column":51}},"49":{"start":{"line":297,"column":8},"end":{"line":297,"column":26}},"50":{"start":{"line":305,"column":8},"end":{"line":305,"column":38}},"51":{"start":{"line":313,"column":8},"end":{"line":313,"column":36}},"52":{"start":{"line":321,"column":8},"end":{"line":321,"column":37}},"53":{"start":{"line":329,"column":8},"end":{"line":329,"column":59}},"54":{"start":{"line":331,"column":8},"end":{"line":331,"column":42}},"55":{"start":{"line":334,"column":8},"end":{"line":334,"column":87}},"56":{"start":{"line":337,"column":8},"end":{"line":337,"column":64}},"57":{"start":{"line":338,"column":8},"end":{"line":338,"column":12517}},"58":{"start":{"line":341,"column":12},"end":{"line":341,"column":56}},"59":{"start":{"line":353,"column":8},"end":{"line":353,"column":53}},"60":{"start":{"line":354,"column":8},"end":{"line":354,"column":45}},"61":{"start":{"line":363,"column":8},"end":{"line":363,"column":42}},"62":{"start":{"line":372,"column":8},"end":{"line":372,"column":45}},"63":{"start":{"line":382,"column":8},"end":{"line":382,"column":63}},"64":{"start":{"line":383,"column":8},"end":{"line":383,"column":36}},"65":{"start":{"line":384,"column":8},"end":{"line":384,"column":37}},"66":{"start":{"line":395,"column":8},"end":{"line":395,"column":56}},"67":{"start":{"line":396,"column":8},"end":{"line":396,"column":36}},"68":{"start":{"line":397,"column":8},"end":{"line":397,"column":60}},"69":{"start":{"line":399,"column":8},"end":{"line":399,"column":38}},"70":{"start":{"line":407,"column":8},"end":{"line":407,"column":36}},"71":{"start":{"line":408,"column":8},"end":{"line":408,"column":55}},"72":{"start":{"line":410,"column":8},"end":{"line":410,"column":42}},"73":{"start":{"line":419,"column":8},"end":{"line":419,"column":56}},"74":{"start":{"line":420,"column":8},"end":{"line":420,"column":36}},"75":{"start":{"line":421,"column":8},"end":{"line":421,"column":60}},"76":{"start":{"line":423,"column":8},"end":{"line":423,"column":38}},"77":{"start":{"line":431,"column":8},"end":{"line":431,"column":36}},"78":{"start":{"line":432,"column":8},"end":{"line":432,"column":55}},"79":{"start":{"line":434,"column":8},"end":{"line":434,"column":42}},"80":{"start":{"line":443,"column":8},"end":{"line":443,"column":38}},"81":{"start":{"line":452,"column":8},"end":{"line":452,"column":38}}},"branchMap":{"1":{"line":79,"type":"if","locations":[{"start":{"line":79,"column":8},"end":{"line":79,"column":8}},{"start":{"line":79,"column":8},"end":{"line":79,"column":8}}]},"2":{"line":84,"type":"if","locations":[{"start":{"line":84,"column":8},"end":{"line":84,"column":8}},{"start":{"line":84,"column":8},"end":{"line":84,"column":8}}]},"3":{"line":98,"type":"if","locations":[{"start":{"line":98,"column":78},"end":{"line":98,"column":78}},{"start":{"line":98,"column":78},"end":{"line":98,"column":78}}]},"4":{"line":100,"type":"if","locations":[{"start":{"line":100,"column":8},"end":{"line":100,"column":8}},{"start":{"line":100,"column":8},"end":{"line":100,"column":8}}]},"5":{"line":101,"type":"if","locations":[{"start":{"line":101,"column":8},"end":{"line":101,"column":8}},{"start":{"line":101,"column":8},"end":{"line":101,"column":8}}]},"6":{"line":102,"type":"if","locations":[{"start":{"line":102,"column":8},"end":{"line":102,"column":8}},{"start":{"line":102,"column":8},"end":{"line":102,"column":8}}]},"7":{"line":147,"type":"if","locations":[{"start":{"line":147,"column":66},"end":{"line":147,"column":66}},{"start":{"line":147,"column":66},"end":{"line":147,"column":66}}]},"8":{"line":148,"type":"if","locations":[{"start":{"line":148,"column":8},"end":{"line":148,"column":8}},{"start":{"line":148,"column":8},"end":{"line":148,"column":8}}]},"9":{"line":157,"type":"if","locations":[{"start":{"line":157,"column":8},"end":{"line":157,"column":8}},{"start":{"line":157,"column":8},"end":{"line":157,"column":8}}]},"10":{"line":166,"type":"if","locations":[{"start":{"line":166,"column":8},"end":{"line":166,"column":8}},{"start":{"line":166,"column":8},"end":{"line":166,"column":8}}]},"11":{"line":174,"type":"if","locations":[{"start":{"line":174,"column":8},"end":{"line":174,"column":8}},{"start":{"line":174,"column":8},"end":{"line":174,"column":8}}]},"12":{"line":191,"type":"if","locations":[{"start":{"line":191,"column":85},"end":{"line":191,"column":85}},{"start":{"line":191,"column":85},"end":{"line":191,"column":85}}]},"13":{"line":192,"type":"if","locations":[{"start":{"line":192,"column":8},"end":{"line":192,"column":8}},{"start":{"line":192,"column":8},"end":{"line":192,"column":8}}]},"14":{"line":193,"type":"if","locations":[{"start":{"line":193,"column":8},"end":{"line":193,"column":8}},{"start":{"line":193,"column":8},"end":{"line":193,"column":8}}]},"15":{"line":201,"type":"if","locations":[{"start":{"line":201,"column":8},"end":{"line":201,"column":8}},{"start":{"line":201,"column":8},"end":{"line":201,"column":8}}]},"16":{"line":215,"type":"if","locations":[{"start":{"line":215,"column":63},"end":{"line":215,"column":63}},{"start":{"line":215,"column":63},"end":{"line":215,"column":63}}]},"17":{"line":215,"type":"if","locations":[{"start":{"line":215,"column":73},"end":{"line":215,"column":73}},{"start":{"line":215,"column":73},"end":{"line":215,"column":73}}]},"18":{"line":216,"type":"if","locations":[{"start":{"line":216,"column":8},"end":{"line":216,"column":8}},{"start":{"line":216,"column":8},"end":{"line":216,"column":8}}]},"19":{"line":222,"type":"if","locations":[{"start":{"line":222,"column":8},"end":{"line":222,"column":8}},{"start":{"line":222,"column":8},"end":{"line":222,"column":8}}]},"20":{"line":240,"type":"if","locations":[{"start":{"line":240,"column":70},"end":{"line":240,"column":70}},{"start":{"line":240,"column":70},"end":{"line":240,"column":70}}]},"21":{"line":240,"type":"if","locations":[{"start":{"line":240,"column":80},"end":{"line":240,"column":80}},{"start":{"line":240,"column":80},"end":{"line":240,"column":80}}]},"22":{"line":241,"type":"if","locations":[{"start":{"line":241,"column":8},"end":{"line":241,"column":8}},{"start":{"line":241,"column":8},"end":{"line":241,"column":8}}]},"23":{"line":246,"type":"if","locations":[{"start":{"line":246,"column":8},"end":{"line":246,"column":8}},{"start":{"line":246,"column":8},"end":{"line":246,"column":8}}]},"24":{"line":263,"type":"if","locations":[{"start":{"line":263,"column":74},"end":{"line":263,"column":74}},{"start":{"line":263,"column":74},"end":{"line":263,"column":74}}]},"25":{"line":264,"type":"if","locations":[{"start":{"line":264,"column":8},"end":{"line":264,"column":8}},{"start":{"line":264,"column":8},"end":{"line":264,"column":8}}]},"26":{"line":278,"type":"if","locations":[{"start":{"line":278,"column":39},"end":{"line":278,"column":39}},{"start":{"line":278,"column":39},"end":{"line":278,"column":39}}]},"27":{"line":279,"type":"if","locations":[{"start":{"line":279,"column":8},"end":{"line":279,"column":8}},{"start":{"line":279,"column":8},"end":{"line":279,"column":8}}]},"28":{"line":287,"type":"if","locations":[{"start":{"line":287,"column":41},"end":{"line":287,"column":41}},{"start":{"line":287,"column":41},"end":{"line":287,"column":41}}]},"29":{"line":288,"type":"if","locations":[{"start":{"line":288,"column":8},"end":{"line":288,"column":8}},{"start":{"line":288,"column":8},"end":{"line":288,"column":8}}]},"30":{"line":328,"type":"if","locations":[{"start":{"line":328,"column":52},"end":{"line":328,"column":52}},{"start":{"line":328,"column":52},"end":{"line":328,"column":52}}]},"31":{"line":329,"type":"if","locations":[{"start":{"line":329,"column":8},"end":{"line":329,"column":8}},{"start":{"line":329,"column":8},"end":{"line":329,"column":8}}]},"32":{"line":334,"type":"if","locations":[{"start":{"line":334,"column":8},"end":{"line":334,"column":8}},{"start":{"line":334,"column":8},"end":{"line":334,"column":8}}]},"33":{"line":338,"type":"if","locations":[{"start":{"line":338,"column":8},"end":{"line":338,"column":8}},{"start":{"line":338,"column":8},"end":{"line":338,"column":8}}]},"34":{"line":381,"type":"if","locations":[{"start":{"line":381,"column":64},"end":{"line":381,"column":64}},{"start":{"line":381,"column":64},"end":{"line":381,"column":64}}]},"35":{"line":382,"type":"if","locations":[{"start":{"line":382,"column":8},"end":{"line":382,"column":8}},{"start":{"line":382,"column":8},"end":{"line":382,"column":8}}]},"36":{"line":394,"type":"if","locations":[{"start":{"line":394,"column":54},"end":{"line":394,"column":54}},{"start":{"line":394,"column":54},"end":{"line":394,"column":54}}]},"37":{"line":395,"type":"if","locations":[{"start":{"line":395,"column":8},"end":{"line":395,"column":8}},{"start":{"line":395,"column":8},"end":{"line":395,"column":8}}]},"38":{"line":397,"type":"if","locations":[{"start":{"line":397,"column":8},"end":{"line":397,"column":8}},{"start":{"line":397,"column":8},"end":{"line":397,"column":8}}]},"39":{"line":406,"type":"if","locations":[{"start":{"line":406,"column":59},"end":{"line":406,"column":59}},{"start":{"line":406,"column":59},"end":{"line":406,"column":59}}]},"40":{"line":408,"type":"if","locations":[{"start":{"line":408,"column":8},"end":{"line":408,"column":8}},{"start":{"line":408,"column":8},"end":{"line":408,"column":8}}]},"41":{"line":418,"type":"if","locations":[{"start":{"line":418,"column":54},"end":{"line":418,"column":54}},{"start":{"line":418,"column":54},"end":{"line":418,"column":54}}]},"42":{"line":419,"type":"if","locations":[{"start":{"line":419,"column":8},"end":{"line":419,"column":8}},{"start":{"line":419,"column":8},"end":{"line":419,"column":8}}]},"43":{"line":421,"type":"if","locations":[{"start":{"line":421,"column":8},"end":{"line":421,"column":8}},{"start":{"line":421,"column":8},"end":{"line":421,"column":8}}]},"44":{"line":430,"type":"if","locations":[{"start":{"line":430,"column":59},"end":{"line":430,"column":59}},{"start":{"line":430,"column":59},"end":{"line":430,"column":59}}]},"45":{"line":432,"type":"if","locations":[{"start":{"line":432,"column":8},"end":{"line":432,"column":8}},{"start":{"line":432,"column":8},"end":{"line":432,"column":8}}]}}},"contracts/facets/DiamondCutFacet.sol":{"l":{"24":295,"25":294},"path":"/home/bgrusnak/Projects/CXB/cxbt-new/contracts/facets/DiamondCutFacet.sol","s":{"1":295,"2":294},"b":{},"f":{"1":295},"fnMap":{"1":{"name":"diamondCut","line":19,"loc":{"start":{"line":19,"column":4},"end":{"line":26,"column":4}}}},"statementMap":{"1":{"start":{"line":24,"column":8},"end":{"line":24,"column":42}},"2":{"start":{"line":25,"column":8},"end":{"line":25,"column":59}}},"branchMap":{}},"contracts/facets/DiamondLoupeFacet.sol":{"l":{"21":1,"22":1,"23":1,"24":1,"25":5,"26":5,"27":5,"35":1,"36":1,"42":2,"43":2,"51":2,"52":2},"path":"/home/bgrusnak/Projects/CXB/cxbt-new/contracts/facets/DiamondLoupeFacet.sol","s":{"1":1,"2":1,"3":1,"4":5,"5":1,"6":2,"7":2},"b":{},"f":{"1":1,"2":1,"3":2,"4":2},"fnMap":{"1":{"name":"facets","line":20,"loc":{"start":{"line":20,"column":4},"end":{"line":29,"column":4}}},"2":{"name":"facetFunctionSelectors","line":34,"loc":{"start":{"line":34,"column":4},"end":{"line":37,"column":4}}},"3":{"name":"facetAddresses","line":41,"loc":{"start":{"line":41,"column":4},"end":{"line":44,"column":4}}},"4":{"name":"facetAddress","line":50,"loc":{"start":{"line":50,"column":4},"end":{"line":53,"column":4}}}},"statementMap":{"1":{"start":{"line":21,"column":8},"end":{"line":21,"column":74}},"2":{"start":{"line":22,"column":8},"end":{"line":22,"column":52}},"3":{"start":{"line":24,"column":8},"end":{"line":24,"column":1180}},"4":{"start":{"line":25,"column":12},"end":{"line":25,"column":56}},"5":{"start":{"line":35,"column":8},"end":{"line":35,"column":74}},"6":{"start":{"line":42,"column":8},"end":{"line":42,"column":74}},"7":{"start":{"line":51,"column":8},"end":{"line":51,"column":74}}},"branchMap":{}},"contracts/facets/ERC20Facet.sol":{"l":{"42":128,"43":128,"51":19,"54":19,"55":19,"56":19,"57":18,"61":0,"62":0,"73":20,"76":20,"77":0,"79":20,"90":14,"93":14,"94":0,"96":14,"112":98,"113":98,"115":98,"116":98,"117":98,"118":98,"121":98,"124":98,"133":4,"142":0,"151":0,"152":0,"162":7,"163":4,"173":3,"183":7,"184":7,"195":1,"196":1,"197":1,"198":1,"206":1,"214":1,"222":1,"230":1,"240":8,"241":8,"244":8,"245":6,"247":5,"251":5,"252":5,"253":0,"254":0,"255":0,"258":5,"259":5,"263":5,"264":5,"267":5,"268":1,"273":5,"283":10,"284":10,"288":10,"289":10,"290":0,"293":10,"294":10,"304":1,"305":1,"306":1,"307":1,"308":1,"320":0,"321":0,"324":0,"325":0,"328":0,"329":0,"339":3,"340":3,"341":3,"342":2,"343":2,"345":2},"path":"/home/bgrusnak/Projects/CXB/cxbt-new/contracts/facets/ERC20Facet.sol","s":{"1":128,"2":19,"3":19,"4":19,"5":19,"6":0,"7":20,"8":20,"9":0,"10":20,"11":14,"12":14,"13":0,"14":14,"15":98,"16":98,"17":98,"18":4,"19":0,"20":0,"21":0,"22":7,"23":4,"24":3,"25":7,"26":7,"27":1,"28":1,"29":1,"30":1,"31":1,"32":1,"33":1,"34":1,"35":8,"36":8,"37":8,"38":6,"39":5,"40":5,"41":5,"42":0,"43":0,"44":5,"45":5,"46":5,"47":5,"48":10,"49":10,"50":10,"51":10,"52":0,"53":10,"54":1,"55":1,"56":1,"57":1,"58":0,"59":0,"60":0,"61":0,"62":0,"63":0,"64":3,"65":3,"66":3,"67":2,"68":2},"b":{"1":[19,0],"2":[18,1],"3":[0,20],"4":[0,0],"5":[0,14],"6":[0,0],"7":[98,0],"8":[7,1],"9":[7,0],"10":[1,0],"11":[8,0],"12":[8,0],"13":[6,2],"14":[5,1],"15":[0,5],"16":[0,0],"17":[5,0],"18":[1,4],"19":[10,0],"20":[10,0],"21":[0,10],"22":[0,0],"23":[1,0],"24":[1,0],"25":[0,0],"26":[0,0],"27":[0,0],"28":[3,0],"29":[2,1]},"f":{"1":128,"2":19,"3":0,"4":20,"5":14,"6":98,"7":4,"8":0,"9":0,"10":7,"11":3,"12":7,"13":1,"14":1,"15":1,"16":1,"17":1,"18":8,"19":10,"20":1,"21":0,"22":3},"fnMap":{"1":{"name":"ds","line":41,"loc":{"start":{"line":41,"column":4},"end":{"line":46,"column":4}}},"2":{"name":"whenNotPaused","line":49,"loc":{"start":{"line":49,"column":4},"end":{"line":58,"column":4}}},"3":{"name":"onlyOwner","line":60,"loc":{"start":{"line":60,"column":4},"end":{"line":63,"column":4}}},"4":{"name":"_isWhitelisted","line":70,"loc":{"start":{"line":70,"column":4},"end":{"line":80,"column":4}}},"5":{"name":"_isBlacklisted","line":87,"loc":{"start":{"line":87,"column":4},"end":{"line":97,"column":4}}},"6":{"name":"initERC20","line":106,"loc":{"start":{"line":106,"column":4},"end":{"line":125,"column":4}}},"7":{"name":"balanceOf","line":132,"loc":{"start":{"line":132,"column":4},"end":{"line":134,"column":4}}},"8":{"name":"unlockedBalanceOf","line":141,"loc":{"start":{"line":141,"column":4},"end":{"line":143,"column":4}}},"9":{"name":"lockedBalanceOf","line":150,"loc":{"start":{"line":150,"column":4},"end":{"line":153,"column":4}}},"10":{"name":"transfer","line":161,"loc":{"start":{"line":161,"column":4},"end":{"line":164,"column":4}}},"11":{"name":"allowance","line":172,"loc":{"start":{"line":172,"column":4},"end":{"line":174,"column":4}}},"12":{"name":"approve","line":182,"loc":{"start":{"line":182,"column":4},"end":{"line":185,"column":4}}},"13":{"name":"transferFrom","line":194,"loc":{"start":{"line":194,"column":4},"end":{"line":199,"column":4}}},"14":{"name":"totalSupply","line":205,"loc":{"start":{"line":205,"column":4},"end":{"line":207,"column":4}}},"15":{"name":"name","line":213,"loc":{"start":{"line":213,"column":4},"end":{"line":215,"column":4}}},"16":{"name":"symbol","line":221,"loc":{"start":{"line":221,"column":4},"end":{"line":223,"column":4}}},"17":{"name":"decimals","line":229,"loc":{"start":{"line":229,"column":4},"end":{"line":231,"column":4}}},"18":{"name":"_transfer","line":239,"loc":{"start":{"line":239,"column":4},"end":{"line":274,"column":4}}},"19":{"name":"_approve","line":282,"loc":{"start":{"line":282,"column":4},"end":{"line":295,"column":4}}},"20":{"name":"_spendAllowance","line":303,"loc":{"start":{"line":303,"column":4},"end":{"line":311,"column":4}}},"21":{"name":"increaseAllowance","line":319,"loc":{"start":{"line":319,"column":4},"end":{"line":330,"column":4}}},"22":{"name":"decreaseAllowance","line":338,"loc":{"start":{"line":338,"column":4},"end":{"line":346,"column":4}}}},"statementMap":{"1":{"start":{"line":42,"column":8},"end":{"line":42,"column":49}},"2":{"start":{"line":51,"column":8},"end":{"line":51,"column":1637}},"3":{"start":{"line":54,"column":8},"end":{"line":54,"column":74}},"4":{"start":{"line":55,"column":8},"end":{"line":55,"column":46}},"5":{"start":{"line":56,"column":8},"end":{"line":56,"column":43}},"6":{"start":{"line":61,"column":8},"end":{"line":61,"column":42}},"7":{"start":{"line":73,"column":8},"end":{"line":73,"column":2425}},"8":{"start":{"line":76,"column":8},"end":{"line":76,"column":2576}},"9":{"start":{"line":77,"column":12},"end":{"line":77,"column":24}},"10":{"start":{"line":79,"column":8},"end":{"line":79,"column":39}},"11":{"start":{"line":90,"column":8},"end":{"line":90,"column":3087}},"12":{"start":{"line":93,"column":8},"end":{"line":93,"column":3238}},"13":{"start":{"line":94,"column":12},"end":{"line":94,"column":24}},"14":{"start":{"line":96,"column":8},"end":{"line":96,"column":39}},"15":{"start":{"line":112,"column":8},"end":{"line":112,"column":37}},"16":{"start":{"line":113,"column":8},"end":{"line":113,"column":65}},"17":{"start":{"line":124,"column":8},"end":{"line":124,"column":60}},"18":{"start":{"line":133,"column":8},"end":{"line":133,"column":38}},"19":{"start":{"line":142,"column":8},"end":{"line":142,"column":45}},"20":{"start":{"line":151,"column":8},"end":{"line":151,"column":37}},"21":{"start":{"line":152,"column":8},"end":{"line":152,"column":65}},"22":{"start":{"line":162,"column":8},"end":{"line":162,"column":40}},"23":{"start":{"line":163,"column":8},"end":{"line":163,"column":19}},"24":{"start":{"line":173,"column":8},"end":{"line":173,"column":47}},"25":{"start":{"line":183,"column":8},"end":{"line":183,"column":44}},"26":{"start":{"line":184,"column":8},"end":{"line":184,"column":19}},"27":{"start":{"line":195,"column":8},"end":{"line":195,"column":36}},"28":{"start":{"line":196,"column":8},"end":{"line":196,"column":45}},"29":{"start":{"line":197,"column":8},"end":{"line":197,"column":34}},"30":{"start":{"line":198,"column":8},"end":{"line":198,"column":19}},"31":{"start":{"line":206,"column":8},"end":{"line":206,"column":32}},"32":{"start":{"line":214,"column":8},"end":{"line":214,"column":25}},"33":{"start":{"line":222,"column":8},"end":{"line":222,"column":27}},"34":{"start":{"line":230,"column":8},"end":{"line":230,"column":29}},"35":{"start":{"line":240,"column":8},"end":{"line":240,"column":75}},"36":{"start":{"line":241,"column":8},"end":{"line":241,"column":71}},"37":{"start":{"line":244,"column":8},"end":{"line":244,"column":69}},"38":{"start":{"line":245,"column":8},"end":{"line":245,"column":70}},"39":{"start":{"line":247,"column":8},"end":{"line":247,"column":37}},"40":{"start":{"line":251,"column":8},"end":{"line":251,"column":51}},"41":{"start":{"line":252,"column":8},"end":{"line":252,"column":8817}},"42":{"start":{"line":253,"column":12},"end":{"line":253,"column":59}},"43":{"start":{"line":254,"column":12},"end":{"line":254,"column":93}},"44":{"start":{"line":258,"column":12},"end":{"line":258,"column":51}},"45":{"start":{"line":259,"column":12},"end":{"line":259,"column":83}},"46":{"start":{"line":267,"column":8},"end":{"line":267,"column":9553}},"47":{"start":{"line":273,"column":8},"end":{"line":273,"column":39}},"48":{"start":{"line":283,"column":8},"end":{"line":283,"column":75}},"49":{"start":{"line":284,"column":8},"end":{"line":284,"column":75}},"50":{"start":{"line":288,"column":8},"end":{"line":288,"column":53}},"51":{"start":{"line":289,"column":8},"end":{"line":289,"column":10535}},"52":{"start":{"line":290,"column":12},"end":{"line":290,"column":108}},"53":{"start":{"line":294,"column":8},"end":{"line":294,"column":45}},"54":{"start":{"line":304,"column":8},"end":{"line":304,"column":67}},"55":{"start":{"line":305,"column":8},"end":{"line":305,"column":11159}},"56":{"start":{"line":306,"column":12},"end":{"line":306,"column":79}},"57":{"start":{"line":308,"column":16},"end":{"line":308,"column":66}},"58":{"start":{"line":320,"column":8},"end":{"line":320,"column":34}},"59":{"start":{"line":321,"column":8},"end":{"line":321,"column":76}},"60":{"start":{"line":324,"column":8},"end":{"line":324,"column":11928}},"61":{"start":{"line":325,"column":12},"end":{"line":325,"column":114}},"62":{"start":{"line":328,"column":8},"end":{"line":328,"column":45}},"63":{"start":{"line":329,"column":8},"end":{"line":329,"column":19}},"64":{"start":{"line":339,"column":8},"end":{"line":339,"column":34}},"65":{"start":{"line":340,"column":8},"end":{"line":340,"column":67}},"66":{"start":{"line":341,"column":8},"end":{"line":341,"column":92}},"67":{"start":{"line":343,"column":12},"end":{"line":343,"column":71}},"68":{"start":{"line":345,"column":8},"end":{"line":345,"column":19}}},"branchMap":{"1":{"line":54,"type":"if","locations":[{"start":{"line":54,"column":8},"end":{"line":54,"column":8}},{"start":{"line":54,"column":8},"end":{"line":54,"column":8}}]},"2":{"line":56,"type":"if","locations":[{"start":{"line":56,"column":8},"end":{"line":56,"column":8}},{"start":{"line":56,"column":8},"end":{"line":56,"column":8}}]},"3":{"line":76,"type":"if","locations":[{"start":{"line":76,"column":8},"end":{"line":76,"column":8}},{"start":{"line":76,"column":8},"end":{"line":76,"column":8}}]},"4":{"line":76,"type":"cond-expr","locations":[{"start":{"line":76,"column":12},"end":{"line":76,"column":19}},{"start":{"line":76,"column":24},"end":{"line":76,"column":39}}]},"5":{"line":93,"type":"if","locations":[{"start":{"line":93,"column":8},"end":{"line":93,"column":8}},{"start":{"line":93,"column":8},"end":{"line":93,"column":8}}]},"6":{"line":93,"type":"cond-expr","locations":[{"start":{"line":93,"column":12},"end":{"line":93,"column":19}},{"start":{"line":93,"column":24},"end":{"line":93,"column":39}}]},"7":{"line":113,"type":"if","locations":[{"start":{"line":113,"column":8},"end":{"line":113,"column":8}},{"start":{"line":113,"column":8},"end":{"line":113,"column":8}}]},"8":{"line":161,"type":"if","locations":[{"start":{"line":161,"column":68},"end":{"line":161,"column":68}},{"start":{"line":161,"column":68},"end":{"line":161,"column":68}}]},"9":{"line":182,"type":"if","locations":[{"start":{"line":182,"column":72},"end":{"line":182,"column":72}},{"start":{"line":182,"column":72},"end":{"line":182,"column":72}}]},"10":{"line":194,"type":"if","locations":[{"start":{"line":194,"column":86},"end":{"line":194,"column":86}},{"start":{"line":194,"column":86},"end":{"line":194,"column":86}}]},"11":{"line":240,"type":"if","locations":[{"start":{"line":240,"column":8},"end":{"line":240,"column":8}},{"start":{"line":240,"column":8},"end":{"line":240,"column":8}}]},"12":{"line":241,"type":"if","locations":[{"start":{"line":241,"column":8},"end":{"line":241,"column":8}},{"start":{"line":241,"column":8},"end":{"line":241,"column":8}}]},"13":{"line":244,"type":"if","locations":[{"start":{"line":244,"column":8},"end":{"line":244,"column":8}},{"start":{"line":244,"column":8},"end":{"line":244,"column":8}}]},"14":{"line":245,"type":"if","locations":[{"start":{"line":245,"column":8},"end":{"line":245,"column":8}},{"start":{"line":245,"column":8},"end":{"line":245,"column":8}}]},"15":{"line":252,"type":"if","locations":[{"start":{"line":252,"column":8},"end":{"line":252,"column":8}},{"start":{"line":252,"column":8},"end":{"line":252,"column":8}}]},"16":{"line":254,"type":"if","locations":[{"start":{"line":254,"column":12},"end":{"line":254,"column":12}},{"start":{"line":254,"column":12},"end":{"line":254,"column":12}}]},"17":{"line":259,"type":"if","locations":[{"start":{"line":259,"column":12},"end":{"line":259,"column":12}},{"start":{"line":259,"column":12},"end":{"line":259,"column":12}}]},"18":{"line":267,"type":"if","locations":[{"start":{"line":267,"column":8},"end":{"line":267,"column":8}},{"start":{"line":267,"column":8},"end":{"line":267,"column":8}}]},"19":{"line":283,"type":"if","locations":[{"start":{"line":283,"column":8},"end":{"line":283,"column":8}},{"start":{"line":283,"column":8},"end":{"line":283,"column":8}}]},"20":{"line":284,"type":"if","locations":[{"start":{"line":284,"column":8},"end":{"line":284,"column":8}},{"start":{"line":284,"column":8},"end":{"line":284,"column":8}}]},"21":{"line":289,"type":"if","locations":[{"start":{"line":289,"column":8},"end":{"line":289,"column":8}},{"start":{"line":289,"column":8},"end":{"line":289,"column":8}}]},"22":{"line":290,"type":"if","locations":[{"start":{"line":290,"column":12},"end":{"line":290,"column":12}},{"start":{"line":290,"column":12},"end":{"line":290,"column":12}}]},"23":{"line":305,"type":"if","locations":[{"start":{"line":305,"column":8},"end":{"line":305,"column":8}},{"start":{"line":305,"column":8},"end":{"line":305,"column":8}}]},"24":{"line":306,"type":"if","locations":[{"start":{"line":306,"column":12},"end":{"line":306,"column":12}},{"start":{"line":306,"column":12},"end":{"line":306,"column":12}}]},"25":{"line":319,"type":"if","locations":[{"start":{"line":319,"column":77},"end":{"line":319,"column":77}},{"start":{"line":319,"column":77},"end":{"line":319,"column":77}}]},"26":{"line":324,"type":"if","locations":[{"start":{"line":324,"column":8},"end":{"line":324,"column":8}},{"start":{"line":324,"column":8},"end":{"line":324,"column":8}}]},"27":{"line":325,"type":"if","locations":[{"start":{"line":325,"column":12},"end":{"line":325,"column":12}},{"start":{"line":325,"column":12},"end":{"line":325,"column":12}}]},"28":{"line":338,"type":"if","locations":[{"start":{"line":338,"column":82},"end":{"line":338,"column":82}},{"start":{"line":338,"column":82},"end":{"line":338,"column":82}}]},"29":{"line":341,"type":"if","locations":[{"start":{"line":341,"column":8},"end":{"line":341,"column":8}},{"start":{"line":341,"column":8},"end":{"line":341,"column":8}}]}}},"contracts/facets/OwnershipFacet.sol":{"l":{"16":4,"25":3,"26":2,"35":2,"36":1},"path":"/home/bgrusnak/Projects/CXB/cxbt-new/contracts/facets/OwnershipFacet.sol","s":{"1":4,"2":3,"3":2,"4":2,"5":1},"b":{},"f":{"1":4,"2":3,"3":2},"fnMap":{"1":{"name":"owner","line":15,"loc":{"start":{"line":15,"column":4},"end":{"line":17,"column":4}}},"2":{"name":"transferOwnership","line":24,"loc":{"start":{"line":24,"column":4},"end":{"line":27,"column":4}}},"3":{"name":"renounceOwnership","line":34,"loc":{"start":{"line":34,"column":4},"end":{"line":37,"column":4}}}},"statementMap":{"1":{"start":{"line":16,"column":8},"end":{"line":16,"column":41}},"2":{"start":{"line":25,"column":8},"end":{"line":25,"column":42}},"3":{"start":{"line":26,"column":8},"end":{"line":26,"column":44}},"4":{"start":{"line":35,"column":8},"end":{"line":35,"column":42}},"5":{"start":{"line":36,"column":8},"end":{"line":36,"column":46}}},"branchMap":{}},"contracts/interfaces/ICXBTFacet.sol":{"l":{},"path":"/home/bgrusnak/Projects/CXB/cxbt-new/contracts/interfaces/ICXBTFacet.sol","s":{},"b":{},"f":{},"fnMap":{},"statementMap":{},"branchMap":{}},"contracts/interfaces/IDiamondCut.sol":{"l":{},"path":"/home/bgrusnak/Projects/CXB/cxbt-new/contracts/interfaces/IDiamondCut.sol","s":{},"b":{},"f":{},"fnMap":{},"statementMap":{},"branchMap":{}},"contracts/interfaces/IDiamondLoupe.sol":{"l":{},"path":"/home/bgrusnak/Projects/CXB/cxbt-new/contracts/interfaces/IDiamondLoupe.sol","s":{},"b":{},"f":{},"fnMap":{},"statementMap":{},"branchMap":{}},"contracts/interfaces/IERC20Facet.sol":{"l":{},"path":"/home/bgrusnak/Projects/CXB/cxbt-new/contracts/interfaces/IERC20Facet.sol","s":{},"b":{},"f":{},"fnMap":{},"statementMap":{},"branchMap":{}},"contracts/libraries/LibDiamond.sol":{"l":{"43":1722,"44":1722,"52":101,"53":101,"54":101,"55":101,"59":34,"63":601,"74":392,"75":392,"76":392,"80":392,"82":392,"83":490,"84":490,"85":490,"87":0,"89":0,"90":0,"92":0,"95":392,"96":392,"105":490,"106":490,"108":490,"109":490,"110":490,"112":490,"114":490,"115":4312,"116":4312,"117":4312,"118":4312,"119":4312,"121":490,"123":490,"127":0,"128":0,"129":0,"130":0,"132":0,"133":0,"134":0,"135":0,"136":0,"137":0,"138":0,"143":0,"144":0,"145":0,"146":0,"148":0,"149":0,"150":0,"151":0,"152":0,"155":0,"157":0,"158":0,"159":0,"160":0,"161":0,"164":0,"165":0,"170":490,"179":4312,"180":4312,"181":4312,"185":0,"186":0,"187":0,"188":0,"189":0,"190":0,"192":0,"193":0,"197":392,"198":294,"200":98,"201":98,"202":98,"204":98,"205":98,"206":0,"208":0,"210":0},"path":"/home/bgrusnak/Projects/CXB/cxbt-new/contracts/libraries/LibDiamond.sol","s":{"1":1722,"2":101,"3":101,"4":101,"5":601,"6":392,"7":392,"8":392,"9":392,"10":392,"11":490,"12":490,"13":0,"14":0,"15":0,"16":0,"17":0,"18":392,"19":392,"20":490,"21":490,"22":490,"23":490,"24":490,"25":490,"26":4312,"27":4312,"28":4312,"29":4312,"30":490,"31":0,"32":0,"33":0,"34":0,"35":0,"36":0,"37":0,"38":0,"39":0,"40":0,"41":0,"42":0,"43":0,"44":0,"45":0,"46":0,"47":0,"48":0,"49":0,"50":0,"51":0,"52":0,"53":0,"54":0,"55":490,"56":4312,"57":0,"58":0,"59":0,"60":0,"61":0,"62":392,"63":294,"64":98,"65":98,"66":98,"67":98,"68":98,"69":0,"70":0,"71":0},"b":{"1":[591,10],"2":[490,0],"3":[0,0],"4":[0,0],"5":[490,0],"6":[490,0],"7":[4312,0],"8":[0,0],"9":[0,0],"10":[0,0],"11":[0,0],"12":[0,0],"13":[0,0],"14":[0,0],"15":[0,0],"16":[0,0],"17":[0,0],"18":[294,98],"19":[294,0],"20":[98,0],"21":[98,0],"22":[0,98],"23":[0,0]},"f":{"1":1722,"2":101,"3":34,"4":601,"5":392,"6":490,"7":0,"8":0,"9":490,"10":4312,"11":0,"12":392},"fnMap":{"1":{"name":"diamondStorage","line":42,"loc":{"start":{"line":42,"column":4},"end":{"line":47,"column":4}}},"2":{"name":"setContractOwner","line":51,"loc":{"start":{"line":51,"column":4},"end":{"line":56,"column":4}}},"3":{"name":"contractOwner","line":58,"loc":{"start":{"line":58,"column":4},"end":{"line":60,"column":4}}},"4":{"name":"enforceIsContractOwner","line":62,"loc":{"start":{"line":62,"column":4},"end":{"line":64,"column":4}}},"5":{"name":"diamondCut","line":69,"loc":{"start":{"line":69,"column":4},"end":{"line":97,"column":4}}},"6":{"name":"addFunctions","line":99,"loc":{"start":{"line":99,"column":4},"end":{"line":124,"column":4}}},"7":{"name":"replaceFunctions","line":126,"loc":{"start":{"line":126,"column":4},"end":{"line":140,"column":4}}},"8":{"name":"removeFunctions","line":142,"loc":{"start":{"line":142,"column":4},"end":{"line":167,"column":4}}},"9":{"name":"isFacet","line":169,"loc":{"start":{"line":169,"column":4},"end":{"line":171,"column":4}}},"10":{"name":"addFunction","line":173,"loc":{"start":{"line":173,"column":4},"end":{"line":182,"column":4}}},"11":{"name":"removeFunction","line":184,"loc":{"start":{"line":184,"column":4},"end":{"line":194,"column":4}}},"12":{"name":"initializeDiamondCut","line":196,"loc":{"start":{"line":196,"column":4},"end":{"line":214,"column":4}}}},"statementMap":{"1":{"start":{"line":43,"column":8},"end":{"line":43,"column":51}},"2":{"start":{"line":52,"column":8},"end":{"line":52,"column":52}},"3":{"start":{"line":53,"column":8},"end":{"line":53,"column":48}},"4":{"start":{"line":55,"column":8},"end":{"line":55,"column":59}},"5":{"start":{"line":63,"column":8},"end":{"line":63,"column":98}},"6":{"start":{"line":74,"column":8},"end":{"line":74,"column":52}},"7":{"start":{"line":75,"column":8},"end":{"line":75,"column":78}},"8":{"start":{"line":76,"column":8},"end":{"line":76,"column":53}},"9":{"start":{"line":80,"column":8},"end":{"line":80,"column":32}},"10":{"start":{"line":82,"column":8},"end":{"line":82,"column":3334}},"11":{"start":{"line":83,"column":12},"end":{"line":83,"column":78}},"12":{"start":{"line":84,"column":12},"end":{"line":84,"column":3504}},"13":{"start":{"line":86,"column":19},"end":{"line":86,"column":3741}},"14":{"start":{"line":87,"column":16},"end":{"line":87,"column":112}},"15":{"start":{"line":88,"column":19},"end":{"line":88,"column":3927}},"16":{"start":{"line":89,"column":16},"end":{"line":89,"column":111}},"17":{"start":{"line":92,"column":16},"end":{"line":92,"column":64}},"18":{"start":{"line":95,"column":8},"end":{"line":95,"column":54}},"19":{"start":{"line":96,"column":8},"end":{"line":96,"column":45}},"20":{"start":{"line":105,"column":8},"end":{"line":105,"column":93}},"21":{"start":{"line":106,"column":8},"end":{"line":106,"column":52}},"22":{"start":{"line":108,"column":8},"end":{"line":108,"column":4761}},"23":{"start":{"line":110,"column":12},"end":{"line":110,"column":48}},"24":{"start":{"line":112,"column":8},"end":{"line":112,"column":100}},"25":{"start":{"line":114,"column":8},"end":{"line":114,"column":5103}},"26":{"start":{"line":115,"column":12},"end":{"line":115,"column":63}},"27":{"start":{"line":116,"column":12},"end":{"line":116,"column":90}},"28":{"start":{"line":117,"column":12},"end":{"line":117,"column":106}},"29":{"start":{"line":118,"column":12},"end":{"line":118,"column":69}},"30":{"start":{"line":123,"column":8},"end":{"line":123,"column":37}},"31":{"start":{"line":127,"column":8},"end":{"line":127,"column":93}},"32":{"start":{"line":128,"column":8},"end":{"line":128,"column":52}},"33":{"start":{"line":129,"column":8},"end":{"line":129,"column":81}},"34":{"start":{"line":130,"column":8},"end":{"line":130,"column":100}},"35":{"start":{"line":132,"column":8},"end":{"line":132,"column":6220}},"36":{"start":{"line":133,"column":12},"end":{"line":133,"column":63}},"37":{"start":{"line":134,"column":12},"end":{"line":134,"column":90}},"38":{"start":{"line":135,"column":12},"end":{"line":135,"column":112}},"39":{"start":{"line":136,"column":12},"end":{"line":136,"column":56}},"40":{"start":{"line":137,"column":12},"end":{"line":137,"column":69}},"41":{"start":{"line":143,"column":8},"end":{"line":143,"column":93}},"42":{"start":{"line":144,"column":8},"end":{"line":144,"column":52}},"43":{"start":{"line":145,"column":8},"end":{"line":145,"column":81}},"44":{"start":{"line":146,"column":8},"end":{"line":146,"column":100}},"45":{"start":{"line":148,"column":8},"end":{"line":148,"column":7239}},"46":{"start":{"line":149,"column":12},"end":{"line":149,"column":63}},"47":{"start":{"line":150,"column":12},"end":{"line":150,"column":90}},"48":{"start":{"line":151,"column":12},"end":{"line":151,"column":111}},"49":{"start":{"line":152,"column":12},"end":{"line":152,"column":54}},"50":{"start":{"line":155,"column":8},"end":{"line":155,"column":7749}},"51":{"start":{"line":157,"column":12},"end":{"line":157,"column":75}},"52":{"start":{"line":158,"column":12},"end":{"line":158,"column":82}},"53":{"start":{"line":159,"column":12},"end":{"line":159,"column":8040}},"54":{"start":{"line":164,"column":12},"end":{"line":164,"column":34}},"55":{"start":{"line":170,"column":8},"end":{"line":170,"column":154}},"56":{"start":{"line":181,"column":8},"end":{"line":181,"column":81}},"57":{"start":{"line":185,"column":8},"end":{"line":185,"column":100}},"58":{"start":{"line":186,"column":8},"end":{"line":186,"column":108}},"59":{"start":{"line":187,"column":8},"end":{"line":187,"column":9560}},"60":{"start":{"line":188,"column":12},"end":{"line":188,"column":114}},"61":{"start":{"line":192,"column":8},"end":{"line":192,"column":71}},"62":{"start":{"line":197,"column":8},"end":{"line":197,"column":10191}},"63":{"start":{"line":198,"column":12},"end":{"line":198,"column":103}},"64":{"start":{"line":200,"column":12},"end":{"line":200,"column":103}},"65":{"start":{"line":201,"column":12},"end":{"line":201,"column":10463}},"66":{"start":{"line":202,"column":16},"end":{"line":202,"column":39}},"67":{"start":{"line":204,"column":12},"end":{"line":204,"column":78}},"68":{"start":{"line":205,"column":12},"end":{"line":205,"column":10641}},"69":{"start":{"line":206,"column":16},"end":{"line":206,"column":10677}},"70":{"start":{"line":208,"column":20},"end":{"line":208,"column":40}},"71":{"start":{"line":210,"column":20},"end":{"line":210,"column":64}}},"branchMap":{"1":{"line":63,"type":"if","locations":[{"start":{"line":63,"column":8},"end":{"line":63,"column":8}},{"start":{"line":63,"column":8},"end":{"line":63,"column":8}}]},"2":{"line":84,"type":"if","locations":[{"start":{"line":84,"column":12},"end":{"line":84,"column":12}},{"start":{"line":84,"column":12},"end":{"line":84,"column":12}}]},"3":{"line":86,"type":"if","locations":[{"start":{"line":86,"column":19},"end":{"line":86,"column":19}},{"start":{"line":86,"column":19},"end":{"line":86,"column":19}}]},"4":{"line":88,"type":"if","locations":[{"start":{"line":88,"column":19},"end":{"line":88,"column":19}},{"start":{"line":88,"column":19},"end":{"line":88,"column":19}}]},"5":{"line":105,"type":"if","locations":[{"start":{"line":105,"column":8},"end":{"line":105,"column":8}},{"start":{"line":105,"column":8},"end":{"line":105,"column":8}}]},"6":{"line":108,"type":"if","locations":[{"start":{"line":108,"column":8},"end":{"line":108,"column":8}},{"start":{"line":108,"column":8},"end":{"line":108,"column":8}}]},"7":{"line":117,"type":"if","locations":[{"start":{"line":117,"column":12},"end":{"line":117,"column":12}},{"start":{"line":117,"column":12},"end":{"line":117,"column":12}}]},"8":{"line":127,"type":"if","locations":[{"start":{"line":127,"column":8},"end":{"line":127,"column":8}},{"start":{"line":127,"column":8},"end":{"line":127,"column":8}}]},"9":{"line":129,"type":"if","locations":[{"start":{"line":129,"column":8},"end":{"line":129,"column":8}},{"start":{"line":129,"column":8},"end":{"line":129,"column":8}}]},"10":{"line":135,"type":"if","locations":[{"start":{"line":135,"column":12},"end":{"line":135,"column":12}},{"start":{"line":135,"column":12},"end":{"line":135,"column":12}}]},"11":{"line":143,"type":"if","locations":[{"start":{"line":143,"column":8},"end":{"line":143,"column":8}},{"start":{"line":143,"column":8},"end":{"line":143,"column":8}}]},"12":{"line":145,"type":"if","locations":[{"start":{"line":145,"column":8},"end":{"line":145,"column":8}},{"start":{"line":145,"column":8},"end":{"line":145,"column":8}}]},"13":{"line":151,"type":"if","locations":[{"start":{"line":151,"column":12},"end":{"line":151,"column":12}},{"start":{"line":151,"column":12},"end":{"line":151,"column":12}}]},"14":{"line":155,"type":"if","locations":[{"start":{"line":155,"column":8},"end":{"line":155,"column":8}},{"start":{"line":155,"column":8},"end":{"line":155,"column":8}}]},"15":{"line":159,"type":"if","locations":[{"start":{"line":159,"column":12},"end":{"line":159,"column":12}},{"start":{"line":159,"column":12},"end":{"line":159,"column":12}}]},"16":{"line":170,"type":"cond-expr","locations":[{"start":{"line":170,"column":15},"end":{"line":170,"column":80}},{"start":{"line":170,"column":85},"end":{"line":170,"column":153}}]},"17":{"line":187,"type":"if","locations":[{"start":{"line":187,"column":8},"end":{"line":187,"column":8}},{"start":{"line":187,"column":8},"end":{"line":187,"column":8}}]},"18":{"line":197,"type":"if","locations":[{"start":{"line":197,"column":8},"end":{"line":197,"column":8}},{"start":{"line":197,"column":8},"end":{"line":197,"column":8}}]},"19":{"line":198,"type":"if","locations":[{"start":{"line":198,"column":12},"end":{"line":198,"column":12}},{"start":{"line":198,"column":12},"end":{"line":198,"column":12}}]},"20":{"line":200,"type":"if","locations":[{"start":{"line":200,"column":12},"end":{"line":200,"column":12}},{"start":{"line":200,"column":12},"end":{"line":200,"column":12}}]},"21":{"line":201,"type":"if","locations":[{"start":{"line":201,"column":12},"end":{"line":201,"column":12}},{"start":{"line":201,"column":12},"end":{"line":201,"column":12}}]},"22":{"line":205,"type":"if","locations":[{"start":{"line":205,"column":12},"end":{"line":205,"column":12}},{"start":{"line":205,"column":12},"end":{"line":205,"column":12}}]},"23":{"line":206,"type":"if","locations":[{"start":{"line":206,"column":16},"end":{"line":206,"column":16}},{"start":{"line":206,"column":16},"end":{"line":206,"column":16}}]}}},"contracts/MaliciousEURC.sol":{"l":{"19":0,"26":0,"33":0,"40":0,"43":0,"46":0,"47":0,"50":0,"54":0,"61":0,"63":0,"73":0,"75":0,"79":0},"path":"/home/bgrusnak/Projects/CXB/cxbt-new/contracts/MaliciousEURC.sol","s":{"1":0,"2":0,"3":0,"4":0,"5":0,"6":0,"7":0,"8":0},"b":{"1":[0,0],"2":[0,0]},"f":{"1":0,"2":0,"3":0,"4":0,"5":0},"fnMap":{"1":{"name":"constructor","line":18,"loc":{"start":{"line":18,"column":4},"end":{"line":20,"column":4}}},"2":{"name":"setPaidToken","line":25,"loc":{"start":{"line":25,"column":4},"end":{"line":27,"column":4}}},"3":{"name":"approvePAID","line":32,"loc":{"start":{"line":32,"column":4},"end":{"line":34,"column":4}}},"4":{"name":"attack","line":39,"loc":{"start":{"line":39,"column":4},"end":{"line":55,"column":4}}},"5":{"name":"onTokenTransfer","line":72,"loc":{"start":{"line":72,"column":4},"end":{"line":80,"column":4}}}},"statementMap":{"1":{"start":{"line":33,"column":8},"end":{"line":33,"column":51}},"2":{"start":{"line":43,"column":8},"end":{"line":43,"column":55}},"3":{"start":{"line":46,"column":8},"end":{"line":46,"column":78}},"4":{"start":{"line":47,"column":8},"end":{"line":47,"column":53}},"5":{"start":{"line":50,"column":8},"end":{"line":50,"column":1346}},"6":{"start":{"line":73,"column":8},"end":{"line":73,"column":2091}},"7":{"start":{"line":75,"column":12},"end":{"line":75,"column":2194}},"8":{"start":{"line":79,"column":8},"end":{"line":79,"column":19}}},"branchMap":{"1":{"line":61,"type":"if","locations":[{"start":{"line":61,"column":8},"end":{"line":61,"column":8}},{"start":{"line":61,"column":8},"end":{"line":61,"column":8}}]},"2":{"line":73,"type":"if","locations":[{"start":{"line":73,"column":8},"end":{"line":73,"column":8}},{"start":{"line":73,"column":8},"end":{"line":73,"column":8}}]}}},"contracts/MockEURC.sol":{"l":{"13":102,"20":172},"path":"/home/bgrusnak/Projects/CXB/cxbt-new/contracts/MockEURC.sol","s":{"1":102,"2":172},"b":{},"f":{"1":102,"2":172},"fnMap":{"1":{"name":"constructor","line":11,"loc":{"start":{"line":11,"column":4},"end":{"line":14,"column":4}}},"2":{"name":"mint","line":19,"loc":{"start":{"line":19,"column":4},"end":{"line":21,"column":4}}}},"statementMap":{"1":{"start":{"line":13,"column":8},"end":{"line":13,"column":50}},"2":{"start":{"line":20,"column":8},"end":{"line":20,"column":24}}},"branchMap":{}}}