TN:
SF:/home/bgrusnak/Projects/CXB/cxbt-new/contracts/Diamond.sol
FN:19,init
FN:33,constructor
FN:68,
FNF:3
FNH:3
FNDA:98,init
FNDA:98,constructor
FNDA:812,
DA:21,98
DA:23,98
DA:24,98
DA:34,98
DA:37,98
DA:39,98
DA:40,98
DA:41,98
DA:48,98
DA:49,98
DA:50,98
DA:51,98
DA:52,98
DA:53,98
DA:60,98
DA:61,98
DA:63,98
DA:69,812
DA:70,812
DA:71,812
DA:74,812
DA:75,812
DA:78,812
LF:23
LH:23
BRDA:75,1,0,812
BRDA:75,1,1,0
BRF:2
BRH:1
end_of_record
TN:
SF:/home/bgrusnak/Projects/CXB/cxbt-new/contracts/facets/CXBTFacet.sol
FN:39,erc20Ds
FN:67,ds
FN:78,whenNotPaused
FN:83,whenPaused
FN:88,onlyOwner
FN:98,initCXBT
FN:121,getTokenBalances
FN:137,calculateUnlockCost
FN:147,unlockTokens
FN:191,ownerUnlockTokens
FN:215,addToRewardPool
FN:240,withdrawFromRewardPool
FN:263,setUnlockPercentage
FN:278,pause
FN:287,unpause
FN:296,paused
FN:304,getPaidToken
FN:312,getUnlockPercentage
FN:320,getRewardPoolBalance
FN:328,burn
FN:362,_mintWithoutPause
FN:381,mint
FN:394,addToWhitelist
FN:406,removeFromWhitelist
FN:418,addToBlacklist
FN:430,removeFromBlacklist
FN:442,isWhitelisted
FN:451,isBlacklisted
FNF:28
FNH:27
FNDA:122,erc20Ds
FNDA:320,ds
FNDA:3,whenNotPaused
FNDA:0,whenPaused
FNDA:203,onlyOwner
FNDA:98,initCXBT
FNDA:24,getTokenBalances
FNDA:70,calculateUnlockCost
FNDA:32,unlockTokens
FNDA:10,ownerUnlockTokens
FNDA:9,addToRewardPool
FNDA:3,withdrawFromRewardPool
FNDA:5,setUnlockPercentage
FNDA:5,pause
FNDA:1,unpause
FNDA:22,paused
FNDA:2,getPaidToken
FNDA:2,getUnlockPercentage
FNDA:5,getRewardPoolBalance
FNDA:3,burn
FNDA:45,_mintWithoutPause
FNDA:45,mint
FNDA:8,addToWhitelist
FNDA:2,removeFromWhitelist
FNDA:8,addToBlacklist
FNDA:2,removeFromBlacklist
FNDA:24,isWhitelisted
FNDA:17,isBlacklisted
DA:40,122
DA:41,122
DA:68,320
DA:69,320
DA:79,3
DA:80,3
DA:84,0
DA:85,0
DA:89,203
DA:90,196
DA:99,98
DA:100,98
DA:101,98
DA:102,98
DA:104,98
DA:105,98
DA:106,98
DA:109,98
DA:111,98
DA:126,24
DA:127,24
DA:128,24
DA:129,24
DA:138,70
DA:148,32
DA:150,31
DA:151,31
DA:154,31
DA:155,31
DA:156,31
DA:157,31
DA:160,30
DA:163,30
DA:166,30
DA:167,30
DA:171,30
DA:174,30
DA:175,1
DA:176,1
DA:177,1
DA:180,30
DA:192,10
DA:193,9
DA:195,9
DA:198,9
DA:199,9
DA:200,9
DA:201,9
DA:204,8
DA:206,8
DA:216,9
DA:218,8
DA:219,8
DA:222,8
DA:225,8
DA:226,8
DA:229,8
DA:231,8
DA:241,3
DA:243,3
DA:244,3
DA:246,3
DA:249,2
DA:252,2
DA:253,2
DA:255,2
DA:264,5
DA:266,3
DA:267,3
DA:268,3
DA:270,3
DA:279,5
DA:280,5
DA:288,1
DA:289,1
DA:297,22
DA:305,2
DA:313,2
DA:321,5
DA:329,3
DA:331,2
DA:334,2
DA:337,2
DA:338,2
DA:339,2
DA:341,0
DA:342,0
DA:348,2
DA:351,2
DA:353,2
DA:354,2
DA:363,45
DA:366,45
DA:370,45
DA:372,45
DA:382,45
DA:383,45
DA:384,45
DA:395,8
DA:396,8
DA:397,8
DA:398,8
DA:399,8
DA:407,2
DA:408,2
DA:409,2
DA:410,2
DA:419,8
DA:420,8
DA:421,8
DA:422,8
DA:423,8
DA:431,2
DA:432,2
DA:433,2
DA:434,2
DA:443,24
DA:452,17
LF:118
LH:114
BRDA:79,1,0,3
BRDA:79,1,1,0
BRDA:84,2,0,0
BRDA:84,2,1,0
BRDA:98,3,0,98
BRDA:98,3,1,0
BRDA:100,4,0,98
BRDA:100,4,1,0
BRDA:101,5,0,98
BRDA:101,5,1,0
BRDA:102,6,0,98
BRDA:102,6,1,0
BRDA:147,7,0,32
BRDA:147,7,1,0
BRDA:148,8,0,31
BRDA:148,8,1,1
BRDA:157,9,0,30
BRDA:157,9,1,1
BRDA:166,10,0,30
BRDA:166,10,1,0
BRDA:174,11,0,1
BRDA:174,11,1,29
BRDA:191,12,0,10
BRDA:191,12,1,1
BRDA:192,13,0,9
BRDA:192,13,1,1
BRDA:193,14,0,9
BRDA:193,14,1,0
BRDA:201,15,0,8
BRDA:201,15,1,1
BRDA:215,16,0,9
BRDA:215,16,1,1
BRDA:215,17,0,9
BRDA:215,17,1,0
BRDA:216,18,0,8
BRDA:216,18,1,1
BRDA:222,19,0,8
BRDA:222,19,1,0
BRDA:240,20,0,3
BRDA:240,20,1,0
BRDA:240,21,0,3
BRDA:240,21,1,0
BRDA:241,22,0,3
BRDA:241,22,1,0
BRDA:246,23,0,2
BRDA:246,23,1,1
BRDA:263,24,0,5
BRDA:263,24,1,1
BRDA:264,25,0,3
BRDA:264,25,1,2
BRDA:278,26,0,5
BRDA:278,26,1,1
BRDA:279,27,0,5
BRDA:279,27,1,0
BRDA:287,28,0,1
BRDA:287,28,1,0
BRDA:288,29,0,1
BRDA:288,29,1,0
BRDA:328,30,0,3
BRDA:328,30,1,0
BRDA:329,31,0,2
BRDA:329,31,1,1
BRDA:334,32,0,2
BRDA:334,32,1,0
BRDA:338,33,0,2
BRDA:338,33,1,0
BRDA:381,34,0,45
BRDA:381,34,1,1
BRDA:382,35,0,45
BRDA:382,35,1,0
BRDA:394,36,0,8
BRDA:394,36,1,1
BRDA:395,37,0,8
BRDA:395,37,1,0
BRDA:397,38,0,8
BRDA:397,38,1,0
BRDA:406,39,0,2
BRDA:406,39,1,0
BRDA:408,40,0,2
BRDA:408,40,1,0
BRDA:418,41,0,8
BRDA:418,41,1,1
BRDA:419,42,0,8
BRDA:419,42,1,0
BRDA:421,43,0,8
BRDA:421,43,1,0
BRDA:430,44,0,2
BRDA:430,44,1,0
BRDA:432,45,0,2
BRDA:432,45,1,0
BRF:90
BRH:60
end_of_record
TN:
SF:/home/bgrusnak/Projects/CXB/cxbt-new/contracts/facets/DiamondCutFacet.sol
FN:19,diamondCut
FNF:1
FNH:1
FNDA:295,diamondCut
DA:24,295
DA:25,294
LF:2
LH:2
BRF:0
BRH:0
end_of_record
TN:
SF:/home/bgrusnak/Projects/CXB/cxbt-new/contracts/facets/DiamondLoupeFacet.sol
FN:20,facets
FN:34,facetFunctionSelectors
FN:41,facetAddresses
FN:50,facetAddress
FNF:4
FNH:4
FNDA:1,facets
FNDA:1,facetFunctionSelectors
FNDA:2,facetAddresses
FNDA:2,facetAddress
DA:21,1
DA:22,1
DA:23,1
DA:24,1
DA:25,5
DA:26,5
DA:27,5
DA:35,1
DA:36,1
DA:42,2
DA:43,2
DA:51,2
DA:52,2
LF:13
LH:13
BRF:0
BRH:0
end_of_record
TN:
SF:/home/bgrusnak/Projects/CXB/cxbt-new/contracts/facets/ERC20Facet.sol
FN:41,ds
FN:49,whenNotPaused
FN:60,onlyOwner
FN:70,_isWhitelisted
FN:87,_isBlacklisted
FN:106,initERC20
FN:132,balanceOf
FN:141,unlockedBalanceOf
FN:150,lockedBalanceOf
FN:161,transfer
FN:172,allowance
FN:182,approve
FN:194,transferFrom
FN:205,totalSupply
FN:213,name
FN:221,symbol
FN:229,decimals
FN:239,_transfer
FN:282,_approve
FN:303,_spendAllowance
FN:319,increaseAllowance
FN:338,decreaseAllowance
FNF:22
FNH:18
FNDA:128,ds
FNDA:19,whenNotPaused
FNDA:0,onlyOwner
FNDA:20,_isWhitelisted
FNDA:14,_isBlacklisted
FNDA:98,initERC20
FNDA:4,balanceOf
FNDA:0,unlockedBalanceOf
FNDA:0,lockedBalanceOf
FNDA:7,transfer
FNDA:3,allowance
FNDA:7,approve
FNDA:1,transferFrom
FNDA:1,totalSupply
FNDA:1,name
FNDA:1,symbol
FNDA:1,decimals
FNDA:8,_transfer
FNDA:10,_approve
FNDA:1,_spendAllowance
FNDA:0,increaseAllowance
FNDA:3,decreaseAllowance
DA:42,128
DA:43,128
DA:51,19
DA:54,19
DA:55,19
DA:56,19
DA:57,18
DA:61,0
DA:62,0
DA:73,20
DA:76,20
DA:77,0
DA:79,20
DA:90,14
DA:93,14
DA:94,0
DA:96,14
DA:112,98
DA:113,98
DA:115,98
DA:116,98
DA:117,98
DA:118,98
DA:121,98
DA:124,98
DA:133,4
DA:142,0
DA:151,0
DA:152,0
DA:162,7
DA:163,4
DA:173,3
DA:183,7
DA:184,7
DA:195,1
DA:196,1
DA:197,1
DA:198,1
DA:206,1
DA:214,1
DA:222,1
DA:230,1
DA:240,8
DA:241,8
DA:244,8
DA:245,6
DA:247,5
DA:251,5
DA:252,5
DA:253,0
DA:254,0
DA:255,0
DA:258,5
DA:259,5
DA:263,5
DA:264,5
DA:267,5
DA:268,1
DA:273,5
DA:283,10
DA:284,10
DA:288,10
DA:289,10
DA:290,0
DA:293,10
DA:294,10
DA:304,1
DA:305,1
DA:306,1
DA:307,1
DA:308,1
DA:320,0
DA:321,0
DA:324,0
DA:325,0
DA:328,0
DA:329,0
DA:339,3
DA:340,3
DA:341,3
DA:342,2
DA:343,2
DA:345,2
LF:83
LH:66
BRDA:54,1,0,19
BRDA:54,1,1,0
BRDA:56,2,0,18
BRDA:56,2,1,1
BRDA:76,3,0,0
BRDA:76,3,1,20
BRDA:76,4,0,0
BRDA:76,4,1,0
BRDA:93,5,0,0
BRDA:93,5,1,14
BRDA:93,6,0,0
BRDA:93,6,1,0
BRDA:113,7,0,98
BRDA:113,7,1,0
BRDA:161,8,0,7
BRDA:161,8,1,1
BRDA:182,9,0,7
BRDA:182,9,1,0
BRDA:194,10,0,1
BRDA:194,10,1,0
BRDA:240,11,0,8
BRDA:240,11,1,0
BRDA:241,12,0,8
BRDA:241,12,1,0
BRDA:244,13,0,6
BRDA:244,13,1,2
BRDA:245,14,0,5
BRDA:245,14,1,1
BRDA:252,15,0,0
BRDA:252,15,1,5
BRDA:254,16,0,0
BRDA:254,16,1,0
BRDA:259,17,0,5
BRDA:259,17,1,0
BRDA:267,18,0,1
BRDA:267,18,1,4
BRDA:283,19,0,10
BRDA:283,19,1,0
BRDA:284,20,0,10
BRDA:284,20,1,0
BRDA:289,21,0,0
BRDA:289,21,1,10
BRDA:290,22,0,0
BRDA:290,22,1,0
BRDA:305,23,0,1
BRDA:305,23,1,0
BRDA:306,24,0,1
BRDA:306,24,1,0
BRDA:319,25,0,0
BRDA:319,25,1,0
BRDA:324,26,0,0
BRDA:324,26,1,0
BRDA:325,27,0,0
BRDA:325,27,1,0
BRDA:338,28,0,3
BRDA:338,28,1,0
BRDA:341,29,0,2
BRDA:341,29,1,1
BRF:58
BRH:28
end_of_record
TN:
SF:/home/bgrusnak/Projects/CXB/cxbt-new/contracts/facets/OwnershipFacet.sol
FN:15,owner
FN:24,transferOwnership
FN:34,renounceOwnership
FNF:3
FNH:3
FNDA:4,owner
FNDA:3,transferOwnership
FNDA:2,renounceOwnership
DA:16,4
DA:25,3
DA:26,2
DA:35,2
DA:36,1
LF:5
LH:5
BRF:0
BRH:0
end_of_record
TN:
SF:/home/bgrusnak/Projects/CXB/cxbt-new/contracts/interfaces/ICXBTFacet.sol
FNF:0
FNH:0
LF:0
LH:0
BRF:0
BRH:0
end_of_record
TN:
SF:/home/bgrusnak/Projects/CXB/cxbt-new/contracts/interfaces/IDiamondCut.sol
FNF:0
FNH:0
LF:0
LH:0
BRF:0
BRH:0
end_of_record
TN:
SF:/home/bgrusnak/Projects/CXB/cxbt-new/contracts/interfaces/IDiamondLoupe.sol
FNF:0
FNH:0
LF:0
LH:0
BRF:0
BRH:0
end_of_record
TN:
SF:/home/bgrusnak/Projects/CXB/cxbt-new/contracts/interfaces/IERC20Facet.sol
FNF:0
FNH:0
LF:0
LH:0
BRF:0
BRH:0
end_of_record
TN:
SF:/home/bgrusnak/Projects/CXB/cxbt-new/contracts/libraries/LibDiamond.sol
FN:42,diamondStorage
FN:51,setContractOwner
FN:58,contractOwner
FN:62,enforceIsContractOwner
FN:69,diamondCut
FN:99,addFunctions
FN:126,replaceFunctions
FN:142,removeFunctions
FN:169,isFacet
FN:173,addFunction
FN:184,removeFunction
FN:196,initializeDiamondCut
FNF:12
FNH:9
FNDA:1722,diamondStorage
FNDA:101,setContractOwner
FNDA:34,contractOwner
FNDA:601,enforceIsContractOwner
FNDA:392,diamondCut
FNDA:490,addFunctions
FNDA:0,replaceFunctions
FNDA:0,removeFunctions
FNDA:490,isFacet
FNDA:4312,addFunction
FNDA:0,removeFunction
FNDA:392,initializeDiamondCut
DA:43,1722
DA:44,1722
DA:52,101
DA:53,101
DA:54,101
DA:55,101
DA:59,34
DA:63,601
DA:74,392
DA:75,392
DA:76,392
DA:80,392
DA:82,392
DA:83,490
DA:84,490
DA:85,490
DA:87,0
DA:89,0
DA:90,0
DA:92,0
DA:95,392
DA:96,392
DA:105,490
DA:106,490
DA:108,490
DA:109,490
DA:110,490
DA:112,490
DA:114,490
DA:115,4312
DA:116,4312
DA:117,4312
DA:118,4312
DA:119,4312
DA:121,490
DA:123,490
DA:127,0
DA:128,0
DA:129,0
DA:130,0
DA:132,0
DA:133,0
DA:134,0
DA:135,0
DA:136,0
DA:137,0
DA:138,0
DA:143,0
DA:144,0
DA:145,0
DA:146,0
DA:148,0
DA:149,0
DA:150,0
DA:151,0
DA:152,0
DA:155,0
DA:157,0
DA:158,0
DA:159,0
DA:160,0
DA:161,0
DA:164,0
DA:165,0
DA:170,490
DA:179,4312
DA:180,4312
DA:181,4312
DA:185,0
DA:186,0
DA:187,0
DA:188,0
DA:189,0
DA:190,0
DA:192,0
DA:193,0
DA:197,392
DA:198,294
DA:200,98
DA:201,98
DA:202,98
DA:204,98
DA:205,98
DA:206,0
DA:208,0
DA:210,0
LF:86
LH:43
BRDA:63,1,0,591
BRDA:63,1,1,10
BRDA:84,2,0,490
BRDA:84,2,1,0
BRDA:86,3,0,0
BRDA:86,3,1,0
BRDA:88,4,0,0
BRDA:88,4,1,0
BRDA:105,5,0,490
BRDA:105,5,1,0
BRDA:108,6,0,490
BRDA:108,6,1,0
BRDA:117,7,0,4312
BRDA:117,7,1,0
BRDA:127,8,0,0
BRDA:127,8,1,0
BRDA:129,9,0,0
BRDA:129,9,1,0
BRDA:135,10,0,0
BRDA:135,10,1,0
BRDA:143,11,0,0
BRDA:143,11,1,0
BRDA:145,12,0,0
BRDA:145,12,1,0
BRDA:151,13,0,0
BRDA:151,13,1,0
BRDA:155,14,0,0
BRDA:155,14,1,0
BRDA:159,15,0,0
BRDA:159,15,1,0
BRDA:170,16,0,0
BRDA:170,16,1,0
BRDA:187,17,0,0
BRDA:187,17,1,0
BRDA:197,18,0,294
BRDA:197,18,1,98
BRDA:198,19,0,294
BRDA:198,19,1,0
BRDA:200,20,0,98
BRDA:200,20,1,0
BRDA:201,21,0,98
BRDA:201,21,1,0
BRDA:205,22,0,0
BRDA:205,22,1,98
BRDA:206,23,0,0
BRDA:206,23,1,0
BRF:46
BRH:12
end_of_record
TN:
SF:/home/bgrusnak/Projects/CXB/cxbt-new/contracts/MaliciousEURC.sol
FN:18,constructor
FN:25,setPaidToken
FN:32,approvePAID
FN:39,attack
FN:72,onTokenTransfer
FNF:5
FNH:0
FNDA:0,constructor
FNDA:0,setPaidToken
FNDA:0,approvePAID
FNDA:0,attack
FNDA:0,onTokenTransfer
DA:19,0
DA:26,0
DA:33,0
DA:40,0
DA:43,0
DA:46,0
DA:47,0
DA:50,0
DA:54,0
DA:61,0
DA:63,0
DA:73,0
DA:75,0
DA:79,0
LF:14
LH:0
BRDA:61,1,0,0
BRDA:61,1,1,0
BRDA:73,2,0,0
BRDA:73,2,1,0
BRF:4
BRH:0
end_of_record
TN:
SF:/home/bgrusnak/Projects/CXB/cxbt-new/contracts/MockEURC.sol
FN:11,constructor
FN:19,mint
FNF:2
FNH:2
FNDA:102,constructor
FNDA:172,mint
DA:13,102
DA:20,172
LF:2
LH:2
BRF:0
BRH:0
end_of_record
