TN:
SF:/home/bgrusnak/Projects/CXB/cxbt-new/contracts/Diamond.sol
FN:19,init
FN:33,constructor
FN:68,
FNF:3
FNH:3
FNDA:88,init
FNDA:88,constructor
FNDA:705,
DA:21,88
DA:23,88
DA:24,88
DA:34,88
DA:37,88
DA:39,88
DA:40,88
DA:41,88
DA:48,88
DA:49,88
DA:50,88
DA:51,88
DA:52,88
DA:53,88
DA:60,88
DA:61,88
DA:63,88
DA:69,705
DA:70,705
DA:71,705
DA:74,705
DA:75,705
DA:78,705
LF:23
LH:23
BRDA:75,1,0,705
BRDA:75,1,1,0
BRF:2
BRH:1
end_of_record
TN:
SF:/home/bgrusnak/Projects/CXB/cxbt-new/contracts/facets/CXBTFacet.sol
FN:39,erc20Ds
FN:67,ds
FN:78,whenNotPaused
FN:83,whenPaused
FN:88,onlyOwner
FN:98,initCXBT
FN:121,getTokenBalances
FN:137,calculateUnlockCost
FN:147,unlockTokens
FN:189,addToRewardPool
FN:214,withdrawFromRewardPool
FN:237,setUnlockPercentage
FN:252,pause
FN:261,unpause
FN:270,paused
FN:278,getPaidToken
FN:286,getUnlockPercentage
FN:294,getRewardPoolBalance
FN:302,burn
FN:336,_mintWithoutPause
FN:355,mint
FN:368,addToWhitelist
FN:380,removeFromWhitelist
FN:392,addToBlacklist
FN:404,removeFromBlacklist
FN:416,isWhitelisted
FN:425,isBlacklisted
FNF:27
FNH:26
FNDA:88,erc20Ds
FNDA:282,ds
FNDA:3,whenNotPaused
FNDA:0,whenPaused
FNDA:165,onlyOwner
FNDA:88,initCXBT
FNDA:15,getTokenBalances
FNDA:65,calculateUnlockCost
FNDA:28,unlockTokens
FNDA:8,addToRewardPool
FNDA:3,withdrawFromRewardPool
FNDA:5,setUnlockPercentage
FNDA:4,pause
FNDA:1,unpause
FNDA:19,paused
FNDA:2,getPaidToken
FNDA:2,getUnlockPercentage
FNDA:3,getRewardPoolBalance
FNDA:3,burn
FNDA:34,_mintWithoutPause
FNDA:34,mint
FNDA:7,addToWhitelist
FNDA:2,removeFromWhitelist
FNDA:5,addToBlacklist
FNDA:2,removeFromBlacklist
FNDA:22,isWhitelisted
FNDA:12,isBlacklisted
DA:40,88
DA:41,88
DA:68,282
DA:69,282
DA:79,3
DA:80,3
DA:84,0
DA:85,0
DA:89,165
DA:90,159
DA:99,88
DA:100,88
DA:101,88
DA:102,88
DA:104,88
DA:105,88
DA:106,88
DA:109,88
DA:111,88
DA:126,15
DA:127,15
DA:128,15
DA:129,15
DA:138,65
DA:148,28
DA:150,27
DA:151,27
DA:154,27
DA:155,27
DA:156,27
DA:157,27
DA:160,26
DA:163,26
DA:166,26
DA:167,26
DA:171,26
DA:174,26
DA:175,1
DA:176,1
DA:177,1
DA:180,26
DA:190,8
DA:192,7
DA:193,7
DA:196,7
DA:199,7
DA:200,7
DA:203,7
DA:205,7
DA:215,3
DA:217,3
DA:218,3
DA:220,3
DA:223,2
DA:226,2
DA:227,2
DA:229,2
DA:238,5
DA:240,3
DA:241,3
DA:242,3
DA:244,3
DA:253,4
DA:254,4
DA:262,1
DA:263,1
DA:271,19
DA:279,2
DA:287,2
DA:295,3
DA:303,3
DA:305,2
DA:308,2
DA:311,2
DA:312,2
DA:313,2
DA:315,0
DA:316,0
DA:322,2
DA:325,2
DA:327,2
DA:328,2
DA:337,34
DA:340,34
DA:344,34
DA:346,34
DA:356,34
DA:357,34
DA:358,34
DA:369,7
DA:370,7
DA:371,7
DA:372,7
DA:373,7
DA:381,2
DA:382,2
DA:383,2
DA:384,2
DA:393,5
DA:394,5
DA:395,5
DA:396,5
DA:397,5
DA:405,2
DA:406,2
DA:407,2
DA:408,2
DA:417,22
DA:426,12
LF:109
LH:105
BRDA:79,1,0,3
BRDA:79,1,1,0
BRDA:84,2,0,0
BRDA:84,2,1,0
BRDA:98,3,0,88
BRDA:98,3,1,0
BRDA:100,4,0,88
BRDA:100,4,1,0
BRDA:101,5,0,88
BRDA:101,5,1,0
BRDA:102,6,0,88
BRDA:102,6,1,0
BRDA:147,7,0,28
BRDA:147,7,1,0
BRDA:148,8,0,27
BRDA:148,8,1,1
BRDA:157,9,0,26
BRDA:157,9,1,1
BRDA:166,10,0,26
BRDA:166,10,1,0
BRDA:174,11,0,1
BRDA:174,11,1,25
BRDA:189,12,0,8
BRDA:189,12,1,1
BRDA:189,13,0,8
BRDA:189,13,1,0
BRDA:190,14,0,7
BRDA:190,14,1,1
BRDA:196,15,0,7
BRDA:196,15,1,0
BRDA:214,16,0,3
BRDA:214,16,1,0
BRDA:214,17,0,3
BRDA:214,17,1,0
BRDA:215,18,0,3
BRDA:215,18,1,0
BRDA:220,19,0,2
BRDA:220,19,1,1
BRDA:237,20,0,5
BRDA:237,20,1,1
BRDA:238,21,0,3
BRDA:238,21,1,2
BRDA:252,22,0,4
BRDA:252,22,1,1
BRDA:253,23,0,4
BRDA:253,23,1,0
BRDA:261,24,0,1
BRDA:261,24,1,0
BRDA:262,25,0,1
BRDA:262,25,1,0
BRDA:302,26,0,3
BRDA:302,26,1,0
BRDA:303,27,0,2
BRDA:303,27,1,1
BRDA:308,28,0,2
BRDA:308,28,1,0
BRDA:312,29,0,2
BRDA:312,29,1,0
BRDA:355,30,0,34
BRDA:355,30,1,1
BRDA:356,31,0,34
BRDA:356,31,1,0
BRDA:368,32,0,7
BRDA:368,32,1,1
BRDA:369,33,0,7
BRDA:369,33,1,0
BRDA:371,34,0,7
BRDA:371,34,1,0
BRDA:380,35,0,2
BRDA:380,35,1,0
BRDA:382,36,0,2
BRDA:382,36,1,0
BRDA:392,37,0,5
BRDA:392,37,1,1
BRDA:393,38,0,5
BRDA:393,38,1,0
BRDA:395,39,0,5
BRDA:395,39,1,0
BRDA:404,40,0,2
BRDA:404,40,1,0
BRDA:406,41,0,2
BRDA:406,41,1,0
BRF:82
BRH:53
end_of_record
TN:
SF:/home/bgrusnak/Projects/CXB/cxbt-new/contracts/facets/DiamondCutFacet.sol
FN:19,diamondCut
FNF:1
FNH:1
FNDA:265,diamondCut
DA:24,265
DA:25,264
LF:2
LH:2
BRF:0
BRH:0
end_of_record
TN:
SF:/home/bgrusnak/Projects/CXB/cxbt-new/contracts/facets/DiamondLoupeFacet.sol
FN:20,facets
FN:34,facetFunctionSelectors
FN:41,facetAddresses
FN:50,facetAddress
FNF:4
FNH:4
FNDA:1,facets
FNDA:1,facetFunctionSelectors
FNDA:2,facetAddresses
FNDA:2,facetAddress
DA:21,1
DA:22,1
DA:23,1
DA:24,1
DA:25,5
DA:26,5
DA:27,5
DA:35,1
DA:36,1
DA:42,2
DA:43,2
DA:51,2
DA:52,2
LF:13
LH:13
BRF:0
BRH:0
end_of_record
TN:
SF:/home/bgrusnak/Projects/CXB/cxbt-new/contracts/facets/ERC20Facet.sol
FN:41,ds
FN:49,whenNotPaused
FN:60,onlyOwner
FN:70,_isWhitelisted
FN:87,_isBlacklisted
FN:106,initERC20
FN:132,balanceOf
FN:141,unlockedBalanceOf
FN:150,lockedBalanceOf
FN:161,transfer
FN:172,allowance
FN:182,approve
FN:194,transferFrom
FN:205,totalSupply
FN:213,name
FN:221,symbol
FN:229,decimals
FN:239,_transfer
FN:290,_approve
FN:311,_spendAllowance
FN:327,increaseAllowance
FN:346,decreaseAllowance
FNF:22
FNH:18
FNDA:117,ds
FNDA:16,whenNotPaused
FNDA:0,onlyOwner
FNDA:18,_isWhitelisted
FNDA:9,_isBlacklisted
FNDA:88,initERC20
FNDA:4,balanceOf
FNDA:0,unlockedBalanceOf
FNDA:0,lockedBalanceOf
FNDA:4,transfer
FNDA:3,allowance
FNDA:7,approve
FNDA:1,transferFrom
FNDA:1,totalSupply
FNDA:1,name
FNDA:1,symbol
FNDA:1,decimals
FNDA:5,_transfer
FNDA:10,_approve
FNDA:1,_spendAllowance
FNDA:0,increaseAllowance
FNDA:3,decreaseAllowance
DA:42,117
DA:43,117
DA:51,16
DA:54,16
DA:55,16
DA:56,16
DA:57,15
DA:61,0
DA:62,0
DA:73,18
DA:76,18
DA:77,0
DA:79,18
DA:90,9
DA:93,9
DA:94,0
DA:96,9
DA:112,88
DA:113,88
DA:115,88
DA:116,88
DA:117,88
DA:118,88
DA:121,88
DA:124,88
DA:133,4
DA:142,0
DA:151,0
DA:152,0
DA:162,4
DA:163,3
DA:173,3
DA:183,7
DA:184,7
DA:195,1
DA:196,1
DA:197,1
DA:198,1
DA:206,1
DA:214,1
DA:222,1
DA:230,1
DA:240,5
DA:241,5
DA:244,5
DA:245,4
DA:247,4
DA:251,4
DA:252,4
DA:253,0
DA:254,0
DA:255,0
DA:258,4
DA:259,4
DA:260,4
DA:262,4
DA:263,3
DA:266,1
DA:271,4
DA:272,4
DA:275,4
DA:276,0
DA:281,4
DA:291,10
DA:292,10
DA:296,10
DA:297,10
DA:298,0
DA:301,10
DA:302,10
DA:312,1
DA:313,1
DA:314,1
DA:315,1
DA:316,1
DA:328,0
DA:329,0
DA:332,0
DA:333,0
DA:336,0
DA:337,0
DA:347,3
DA:348,3
DA:349,3
DA:350,2
DA:351,2
DA:353,2
LF:87
LH:69
BRDA:54,1,0,16
BRDA:54,1,1,0
BRDA:56,2,0,15
BRDA:56,2,1,1
BRDA:76,3,0,0
BRDA:76,3,1,18
BRDA:76,4,0,0
BRDA:76,4,1,0
BRDA:93,5,0,0
BRDA:93,5,1,9
BRDA:93,6,0,0
BRDA:93,6,1,0
BRDA:113,7,0,88
BRDA:113,7,1,0
BRDA:161,8,0,4
BRDA:161,8,1,1
BRDA:182,9,0,7
BRDA:182,9,1,0
BRDA:194,10,0,1
BRDA:194,10,1,0
BRDA:240,11,0,5
BRDA:240,11,1,0
BRDA:241,12,0,5
BRDA:241,12,1,0
BRDA:244,13,0,4
BRDA:244,13,1,1
BRDA:245,14,0,4
BRDA:245,14,1,0
BRDA:252,15,0,0
BRDA:252,15,1,4
BRDA:254,16,0,0
BRDA:254,16,1,0
BRDA:260,17,0,4
BRDA:260,17,1,0
BRDA:262,18,0,3
BRDA:262,18,1,1
BRDA:275,19,0,0
BRDA:275,19,1,4
BRDA:291,20,0,10
BRDA:291,20,1,0
BRDA:292,21,0,10
BRDA:292,21,1,0
BRDA:297,22,0,0
BRDA:297,22,1,10
BRDA:298,23,0,0
BRDA:298,23,1,0
BRDA:313,24,0,1
BRDA:313,24,1,0
BRDA:314,25,0,1
BRDA:314,25,1,0
BRDA:327,26,0,0
BRDA:327,26,1,0
BRDA:332,27,0,0
BRDA:332,27,1,0
BRDA:333,28,0,0
BRDA:333,28,1,0
BRDA:346,29,0,3
BRDA:346,29,1,0
BRDA:349,30,0,2
BRDA:349,30,1,1
BRF:60
BRH:28
end_of_record
TN:
SF:/home/bgrusnak/Projects/CXB/cxbt-new/contracts/facets/OwnershipFacet.sol
FN:15,owner
FN:24,transferOwnership
FN:34,renounceOwnership
FNF:3
FNH:3
FNDA:4,owner
FNDA:3,transferOwnership
FNDA:2,renounceOwnership
DA:16,4
DA:25,3
DA:26,2
DA:35,2
DA:36,1
LF:5
LH:5
BRF:0
BRH:0
end_of_record
TN:
SF:/home/bgrusnak/Projects/CXB/cxbt-new/contracts/interfaces/ICXBTFacet.sol
FNF:0
FNH:0
LF:0
LH:0
BRF:0
BRH:0
end_of_record
TN:
SF:/home/bgrusnak/Projects/CXB/cxbt-new/contracts/interfaces/IDiamondCut.sol
FNF:0
FNH:0
LF:0
LH:0
BRF:0
BRH:0
end_of_record
TN:
SF:/home/bgrusnak/Projects/CXB/cxbt-new/contracts/interfaces/IDiamondLoupe.sol
FNF:0
FNH:0
LF:0
LH:0
BRF:0
BRH:0
end_of_record
TN:
SF:/home/bgrusnak/Projects/CXB/cxbt-new/contracts/interfaces/IERC20Facet.sol
FNF:0
FNH:0
LF:0
LH:0
BRF:0
BRH:0
end_of_record
TN:
SF:/home/bgrusnak/Projects/CXB/cxbt-new/contracts/libraries/LibDiamond.sol
FN:42,diamondStorage
FN:51,setContractOwner
FN:58,contractOwner
FN:62,enforceIsContractOwner
FN:69,diamondCut
FN:99,addFunctions
FN:126,replaceFunctions
FN:142,removeFunctions
FN:169,isFacet
FN:173,addFunction
FN:184,removeFunction
FN:196,initializeDiamondCut
FNF:12
FNH:9
FNDA:1530,diamondStorage
FNDA:91,setContractOwner
FNDA:30,contractOwner
FNDA:523,enforceIsContractOwner
FNDA:352,diamondCut
FNDA:440,addFunctions
FNDA:0,replaceFunctions
FNDA:0,removeFunctions
FNDA:440,isFacet
FNDA:3784,addFunction
FNDA:0,removeFunction
FNDA:352,initializeDiamondCut
DA:43,1530
DA:44,1530
DA:52,91
DA:53,91
DA:54,91
DA:55,91
DA:59,30
DA:63,523
DA:74,352
DA:75,352
DA:76,352
DA:80,352
DA:82,352
DA:83,440
DA:84,440
DA:85,440
DA:87,0
DA:89,0
DA:90,0
DA:92,0
DA:95,352
DA:96,352
DA:105,440
DA:106,440
DA:108,440
DA:109,440
DA:110,440
DA:112,440
DA:114,440
DA:115,3784
DA:116,3784
DA:117,3784
DA:118,3784
DA:119,3784
DA:121,440
DA:123,440
DA:127,0
DA:128,0
DA:129,0
DA:130,0
DA:132,0
DA:133,0
DA:134,0
DA:135,0
DA:136,0
DA:137,0
DA:138,0
DA:143,0
DA:144,0
DA:145,0
DA:146,0
DA:148,0
DA:149,0
DA:150,0
DA:151,0
DA:152,0
DA:155,0
DA:157,0
DA:158,0
DA:159,0
DA:160,0
DA:161,0
DA:164,0
DA:165,0
DA:170,440
DA:179,3784
DA:180,3784
DA:181,3784
DA:185,0
DA:186,0
DA:187,0
DA:188,0
DA:189,0
DA:190,0
DA:192,0
DA:193,0
DA:197,352
DA:198,264
DA:200,88
DA:201,88
DA:202,88
DA:204,88
DA:205,88
DA:206,0
DA:208,0
DA:210,0
LF:86
LH:43
BRDA:63,1,0,514
BRDA:63,1,1,9
BRDA:84,2,0,440
BRDA:84,2,1,0
BRDA:86,3,0,0
BRDA:86,3,1,0
BRDA:88,4,0,0
BRDA:88,4,1,0
BRDA:105,5,0,440
BRDA:105,5,1,0
BRDA:108,6,0,440
BRDA:108,6,1,0
BRDA:117,7,0,3784
BRDA:117,7,1,0
BRDA:127,8,0,0
BRDA:127,8,1,0
BRDA:129,9,0,0
BRDA:129,9,1,0
BRDA:135,10,0,0
BRDA:135,10,1,0
BRDA:143,11,0,0
BRDA:143,11,1,0
BRDA:145,12,0,0
BRDA:145,12,1,0
BRDA:151,13,0,0
BRDA:151,13,1,0
BRDA:155,14,0,0
BRDA:155,14,1,0
BRDA:159,15,0,0
BRDA:159,15,1,0
BRDA:170,16,0,0
BRDA:170,16,1,0
BRDA:187,17,0,0
BRDA:187,17,1,0
BRDA:197,18,0,264
BRDA:197,18,1,88
BRDA:198,19,0,264
BRDA:198,19,1,0
BRDA:200,20,0,88
BRDA:200,20,1,0
BRDA:201,21,0,88
BRDA:201,21,1,0
BRDA:205,22,0,0
BRDA:205,22,1,88
BRDA:206,23,0,0
BRDA:206,23,1,0
BRF:46
BRH:12
end_of_record
TN:
SF:/home/bgrusnak/Projects/CXB/cxbt-new/contracts/MaliciousEURC.sol
FN:18,constructor
FN:25,setPaidToken
FN:32,approvePAID
FN:39,attack
FN:72,onTokenTransfer
FNF:5
FNH:0
FNDA:0,constructor
FNDA:0,setPaidToken
FNDA:0,approvePAID
FNDA:0,attack
FNDA:0,onTokenTransfer
DA:19,0
DA:26,0
DA:33,0
DA:40,0
DA:43,0
DA:46,0
DA:47,0
DA:50,0
DA:54,0
DA:61,0
DA:63,0
DA:73,0
DA:75,0
DA:79,0
LF:14
LH:0
BRDA:61,1,0,0
BRDA:61,1,1,0
BRDA:73,2,0,0
BRDA:73,2,1,0
BRF:4
BRH:0
end_of_record
TN:
SF:/home/bgrusnak/Projects/CXB/cxbt-new/contracts/MockEURC.sol
FN:11,constructor
FN:19,mint
FNF:2
FNH:2
FNDA:92,constructor
FNDA:171,mint
DA:13,92
DA:20,171
LF:2
LH:2
BRF:0
BRH:0
end_of_record
